This is pdfTeX, Version 3.14159265-2.6-1.40.15 (MiKTeX 2.9) (preloaded format=pdflatex 2015.5.7)  11 FEB 2016 09:01
entering extended mode
**"C:/Dokumente und Einstellungen/RunnwerthM/Eigene Dateien/Dropbox/FID/2016_Fo
Bi_Fachrecherche/2016_FoBi_Fachrecherche_MatInf.tex"

("C:/Dokumente und Einstellungen/RunnwerthM/Eigene Dateien/Dropbox/FID/2016_FoB
i_Fachrecherche/2016_FoBi_Fachrecherche_MatInf.tex"
LaTeX2e <2015/01/01>
Babel <3.9l> and hyphenation patterns for 69 languages loaded.
(TIBbeamer.cls
Document Class: TIBbeamer 
(C:\Programme\MikTeX\tex\latex\beamer\base\beamer.cls
(C:\Programme\MikTeX\tex\latex\beamer\base\beamerbasercs.sty
Package: beamerbasercs 2015/03/08 (rcs-revision 368aa9ba9d38)
)
Document Class: beamer 2015/01/05 3.36 A class for typesetting presentations (r
cs-revision 8a39122e1f63)
(C:\Programme\MikTeX\tex\latex\beamer\base\beamerbasemodes.sty
Package: beamerbasemodes 2013/09/03 (rcs-revision 768f2d98ca64)
\beamer@tempbox=\box26
\beamer@tempcount=\count79
\c@beamerpauses=\count80

(C:\Programme\MikTeX\tex\latex\beamer\base\beamerbasedecode.sty
Package: beamerbasedecode 2010/05/01 (rcs-revision efa082c6111d)
\beamer@slideinframe=\count81
\beamer@minimum=\count82
)
\beamer@commentbox=\box27
\beamer@modecount=\count83
)
(C:\Programme\MikTeX\tex\generic\oberdiek\ifpdf.sty
Package: ifpdf 2011/01/30 v2.3 Provides the ifpdf switch (HO)
Package ifpdf Info: pdfTeX in PDF mode is detected.
)
\headheight=\dimen102
\headdp=\dimen103
\footheight=\dimen104
\sidebarheight=\dimen105
\beamer@tempdim=\dimen106
\beamer@finalheight=\dimen107
\beamer@animht=\dimen108
\beamer@animdp=\dimen109
\beamer@animwd=\dimen110
\beamer@leftmargin=\dimen111
\beamer@rightmargin=\dimen112
\beamer@leftsidebar=\dimen113
\beamer@rightsidebar=\dimen114
\beamer@boxsize=\dimen115
\beamer@vboxoffset=\dimen116
\beamer@descdefault=\dimen117
\beamer@descriptionwidth=\dimen118
\beamer@lastskip=\skip41
\beamer@areabox=\box28
\beamer@animcurrent=\box29
\beamer@animshowbox=\box30
\beamer@sectionbox=\box31
\beamer@logobox=\box32
\beamer@linebox=\box33
\beamer@sectioncount=\count84
\beamer@subsubsectionmax=\count85
\beamer@subsectionmax=\count86
\beamer@sectionmax=\count87
\beamer@totalheads=\count88
\beamer@headcounter=\count89
\beamer@partstartpage=\count90
\beamer@sectionstartpage=\count91
\beamer@subsectionstartpage=\count92
\beamer@animationtempa=\count93
\beamer@animationtempb=\count94
\beamer@xpos=\count95
\beamer@ypos=\count96
\beamer@showpartnumber=\count97
\beamer@currentsubsection=\count98
\beamer@coveringdepth=\count99
\beamer@sectionadjust=\count100
\beamer@tocsectionnumber=\count101

(C:\Programme\MikTeX\tex\latex\beamer\base\beamerbaseoptions.sty
Package: beamerbaseoptions 2013/03/10 (rcs-revision 47431932db0d)

(C:\Programme\MikTeX\tex\latex\graphics\keyval.sty
Package: keyval 2014/10/28 v1.15 key=value parser (DPC)
\KV@toks@=\toks14
))
\beamer@paperwidth=\skip42
\beamer@paperheight=\skip43

(C:\Programme\MikTeX\tex\latex\geometry\geometry.sty
Package: geometry 2010/09/12 v5.6 Page Geometry

(C:\Programme\MikTeX\tex\generic\oberdiek\ifvtex.sty
Package: ifvtex 2010/03/01 v1.5 Detect VTeX and its facilities (HO)
Package ifvtex Info: VTeX not detected.
)
(C:\Programme\MikTeX\tex\generic\ifxetex\ifxetex.sty
Package: ifxetex 2010/09/12 v0.6 Provides ifxetex conditional
)
\Gm@cnth=\count102
\Gm@cntv=\count103
\c@Gm@tempcnt=\count104
\Gm@bindingoffset=\dimen119
\Gm@wd@mp=\dimen120
\Gm@odd@mp=\dimen121
\Gm@even@mp=\dimen122
\Gm@layoutwidth=\dimen123
\Gm@layoutheight=\dimen124
\Gm@layouthoffset=\dimen125
\Gm@layoutvoffset=\dimen126
\Gm@dimlist=\toks15

(C:\Programme\MikTeX\tex\latex\geometry\geometry.cfg))
(C:\Programme\MikTeX\tex\latex\base\size11.clo
File: size11.clo 2014/09/29 v1.4h Standard LaTeX file (size option)
)
(C:\Programme\MikTeX\tex\latex\pgf\basiclayer\pgfcore.sty
(C:\Programme\MikTeX\tex\latex\graphics\graphicx.sty
Package: graphicx 2014/10/28 v1.0g Enhanced LaTeX Graphics (DPC,SPQR)

(C:\Programme\MikTeX\tex\latex\graphics\graphics.sty
Package: graphics 2014/10/28 v1.0p Standard LaTeX Graphics (DPC,SPQR)

(C:\Programme\MikTeX\tex\latex\graphics\trig.sty
Package: trig 1999/03/16 v1.09 sin cos tan (DPC)
)
(C:\Programme\MikTeX\tex\latex\00miktex\graphics.cfg
File: graphics.cfg 2007/01/18 v1.5 graphics configuration of teTeX/TeXLive
)
Package graphics Info: Driver file: pdftex.def on input line 94.

(C:\Programme\MikTeX\tex\latex\pdftex-def\pdftex.def
File: pdftex.def 2011/05/27 v0.06d Graphics/color for pdfTeX

(C:\Programme\MikTeX\tex\generic\oberdiek\infwarerr.sty
Package: infwarerr 2010/04/08 v1.3 Providing info/warning/error messages (HO)
)
(C:\Programme\MikTeX\tex\generic\oberdiek\ltxcmds.sty
Package: ltxcmds 2011/11/09 v1.22 LaTeX kernel commands for general use (HO)
)
\Gread@gobject=\count105
))
\Gin@req@height=\dimen127
\Gin@req@width=\dimen128
)
(C:\Programme\MikTeX\tex\latex\pgf\systemlayer\pgfsys.sty
(C:\Programme\MikTeX\tex\latex\pgf\utilities\pgfrcs.sty
(C:\Programme\MikTeX\tex\generic\pgf\utilities\pgfutil-common.tex
\pgfutil@everybye=\toks16
\pgfutil@tempdima=\dimen129
\pgfutil@tempdimb=\dimen130

(C:\Programme\MikTeX\tex\generic\pgf\utilities\pgfutil-common-lists.tex))
(C:\Programme\MikTeX\tex\generic\pgf\utilities\pgfutil-latex.def
\pgfutil@abb=\box34

(C:\Programme\MikTeX\tex\latex\ms\everyshi.sty
Package: everyshi 2001/05/15 v3.00 EveryShipout Package (MS)
))
(C:\Programme\MikTeX\tex\generic\pgf\utilities\pgfrcs.code.tex
Package: pgfrcs 2013/12/20 v3.0.0 (rcs-revision 1.28)
))
(C:\Programme\MikTeX\tex\generic\pgf\systemlayer\pgfsys.code.tex
Package: pgfsys 2013/11/30 v3.0.0 (rcs-revision 1.47)

(C:\Programme\MikTeX\tex\generic\pgf\utilities\pgfkeys.code.tex
\pgfkeys@pathtoks=\toks17
\pgfkeys@temptoks=\toks18

(C:\Programme\MikTeX\tex\generic\pgf\utilities\pgfkeysfiltered.code.tex
\pgfkeys@tmptoks=\toks19
))
\pgf@x=\dimen131
\pgf@y=\dimen132
\pgf@xa=\dimen133
\pgf@ya=\dimen134
\pgf@xb=\dimen135
\pgf@yb=\dimen136
\pgf@xc=\dimen137
\pgf@yc=\dimen138
\w@pgf@writea=\write3
\r@pgf@reada=\read1
\c@pgf@counta=\count106
\c@pgf@countb=\count107
\c@pgf@countc=\count108
\c@pgf@countd=\count109
\t@pgf@toka=\toks20
\t@pgf@tokb=\toks21
\t@pgf@tokc=\toks22

(C:\Programme\MikTeX\tex\generic\pgf\systemlayer\pgf.cfg
File: pgf.cfg 2008/05/14  (rcs-revision 1.7)
)
Driver file for pgf: pgfsys-pdftex.def

(C:\Programme\MikTeX\tex\generic\pgf\systemlayer\pgfsys-pdftex.def
File: pgfsys-pdftex.def 2013/07/18  (rcs-revision 1.33)

(C:\Programme\MikTeX\tex\generic\pgf\systemlayer\pgfsys-common-pdf.def
File: pgfsys-common-pdf.def 2013/10/10  (rcs-revision 1.13)
)))
(C:\Programme\MikTeX\tex\generic\pgf\systemlayer\pgfsyssoftpath.code.tex
File: pgfsyssoftpath.code.tex 2013/09/09  (rcs-revision 1.9)
\pgfsyssoftpath@smallbuffer@items=\count110
\pgfsyssoftpath@bigbuffer@items=\count111
)
(C:\Programme\MikTeX\tex\generic\pgf\systemlayer\pgfsysprotocol.code.tex
File: pgfsysprotocol.code.tex 2006/10/16  (rcs-revision 1.4)
))
(C:\Programme\MikTeX\tex\latex\xcolor\xcolor.sty
Package: xcolor 2007/01/21 v2.11 LaTeX color extensions (UK)

(C:\Programme\MikTeX\tex\latex\00miktex\color.cfg
File: color.cfg 2007/01/18 v1.5 color configuration of teTeX/TeXLive
)
Package xcolor Info: Driver file: pdftex.def on input line 225.

(C:\Programme\MikTeX\tex\latex\colortbl\colortbl.sty
Package: colortbl 2012/02/13 v1.0a Color table columns (DPC)

(C:\Programme\MikTeX\tex\latex\tools\array.sty
Package: array 2014/10/28 v2.4c Tabular extension package (FMi)
\col@sep=\dimen139
\extrarowheight=\dimen140
\NC@list=\toks23
\extratabsurround=\skip44
\backup@length=\skip45
)
\everycr=\toks24
\minrowclearance=\skip46
)
\rownum=\count112
Package xcolor Info: Model `cmy' substituted by `cmy0' on input line 1337.
Package xcolor Info: Model `hsb' substituted by `rgb' on input line 1341.
Package xcolor Info: Model `RGB' extended on input line 1353.
Package xcolor Info: Model `HTML' substituted by `rgb' on input line 1355.
Package xcolor Info: Model `Hsb' substituted by `hsb' on input line 1356.
Package xcolor Info: Model `tHsb' substituted by `hsb' on input line 1357.
Package xcolor Info: Model `HSB' substituted by `hsb' on input line 1358.
Package xcolor Info: Model `Gray' substituted by `gray' on input line 1359.
Package xcolor Info: Model `wave' substituted by `hsb' on input line 1360.
)
(C:\Programme\MikTeX\tex\generic\pgf\basiclayer\pgfcore.code.tex
Package: pgfcore 2010/04/11 v3.0.0 (rcs-revision 1.7)

(C:\Programme\MikTeX\tex\generic\pgf\math\pgfmath.code.tex
(C:\Programme\MikTeX\tex\generic\pgf\math\pgfmathcalc.code.tex
(C:\Programme\MikTeX\tex\generic\pgf\math\pgfmathutil.code.tex)
(C:\Programme\MikTeX\tex\generic\pgf\math\pgfmathparser.code.tex
\pgfmath@dimen=\dimen141
\pgfmath@count=\count113
\pgfmath@box=\box35
\pgfmath@toks=\toks25
\pgfmath@stack@operand=\toks26
\pgfmath@stack@operation=\toks27
)
(C:\Programme\MikTeX\tex\generic\pgf\math\pgfmathfunctions.code.tex
(C:\Programme\MikTeX\tex\generic\pgf\math\pgfmathfunctions.basic.code.tex)
(C:\Programme\MikTeX\tex\generic\pgf\math\pgfmathfunctions.trigonometric.code.t
ex) (C:\Programme\MikTeX\tex\generic\pgf\math\pgfmathfunctions.random.code.tex)
(C:\Programme\MikTeX\tex\generic\pgf\math\pgfmathfunctions.comparison.code.tex)
(C:\Programme\MikTeX\tex\generic\pgf\math\pgfmathfunctions.base.code.tex)
(C:\Programme\MikTeX\tex\generic\pgf\math\pgfmathfunctions.round.code.tex)
(C:\Programme\MikTeX\tex\generic\pgf\math\pgfmathfunctions.misc.code.tex)
(C:\Programme\MikTeX\tex\generic\pgf\math\pgfmathfunctions.integerarithmetics.c
ode.tex))) (C:\Programme\MikTeX\tex\generic\pgf\math\pgfmathfloat.code.tex
\c@pgfmathroundto@lastzeros=\count114
))
(C:\Programme\MikTeX\tex\generic\pgf\basiclayer\pgfcorepoints.code.tex
File: pgfcorepoints.code.tex 2013/10/07  (rcs-revision 1.27)
\pgf@picminx=\dimen142
\pgf@picmaxx=\dimen143
\pgf@picminy=\dimen144
\pgf@picmaxy=\dimen145
\pgf@pathminx=\dimen146
\pgf@pathmaxx=\dimen147
\pgf@pathminy=\dimen148
\pgf@pathmaxy=\dimen149
\pgf@xx=\dimen150
\pgf@xy=\dimen151
\pgf@yx=\dimen152
\pgf@yy=\dimen153
\pgf@zx=\dimen154
\pgf@zy=\dimen155
)
(C:\Programme\MikTeX\tex\generic\pgf\basiclayer\pgfcorepathconstruct.code.tex
File: pgfcorepathconstruct.code.tex 2013/10/07  (rcs-revision 1.29)
\pgf@path@lastx=\dimen156
\pgf@path@lasty=\dimen157
)
(C:\Programme\MikTeX\tex\generic\pgf\basiclayer\pgfcorepathusage.code.tex
File: pgfcorepathusage.code.tex 2013/12/13  (rcs-revision 1.23)
\pgf@shorten@end@additional=\dimen158
\pgf@shorten@start@additional=\dimen159
)
(C:\Programme\MikTeX\tex\generic\pgf\basiclayer\pgfcorescopes.code.tex
File: pgfcorescopes.code.tex 2013/10/09  (rcs-revision 1.44)
\pgfpic=\box36
\pgf@hbox=\box37
\pgf@layerbox@main=\box38
\pgf@picture@serial@count=\count115
)
(C:\Programme\MikTeX\tex\generic\pgf\basiclayer\pgfcoregraphicstate.code.tex
File: pgfcoregraphicstate.code.tex 2013/09/19  (rcs-revision 1.11)
\pgflinewidth=\dimen160
)
(C:\Programme\MikTeX\tex\generic\pgf\basiclayer\pgfcoretransformations.code.tex
File: pgfcoretransformations.code.tex 2013/10/10  (rcs-revision 1.17)
\pgf@pt@x=\dimen161
\pgf@pt@y=\dimen162
\pgf@pt@temp=\dimen163
) (C:\Programme\MikTeX\tex\generic\pgf\basiclayer\pgfcorequick.code.tex
File: pgfcorequick.code.tex 2008/10/09  (rcs-revision 1.3)
)
(C:\Programme\MikTeX\tex\generic\pgf\basiclayer\pgfcoreobjects.code.tex
File: pgfcoreobjects.code.tex 2006/10/11  (rcs-revision 1.2)
)
(C:\Programme\MikTeX\tex\generic\pgf\basiclayer\pgfcorepathprocessing.code.tex
File: pgfcorepathprocessing.code.tex 2013/09/09  (rcs-revision 1.9)
) (C:\Programme\MikTeX\tex\generic\pgf\basiclayer\pgfcorearrows.code.tex
File: pgfcorearrows.code.tex 2013/11/07  (rcs-revision 1.40)
\pgfarrowsep=\dimen164
)
(C:\Programme\MikTeX\tex\generic\pgf\basiclayer\pgfcoreshade.code.tex
File: pgfcoreshade.code.tex 2013/07/15  (rcs-revision 1.15)
\pgf@max=\dimen165
\pgf@sys@shading@range@num=\count116
)
(C:\Programme\MikTeX\tex\generic\pgf\basiclayer\pgfcoreimage.code.tex
File: pgfcoreimage.code.tex 2013/07/15  (rcs-revision 1.18)

(C:\Programme\MikTeX\tex\generic\pgf\basiclayer\pgfcoreexternal.code.tex
File: pgfcoreexternal.code.tex 2013/07/15  (rcs-revision 1.20)
\pgfexternal@startupbox=\box39
))
(C:\Programme\MikTeX\tex\generic\pgf\basiclayer\pgfcorelayers.code.tex
File: pgfcorelayers.code.tex 2013/07/18  (rcs-revision 1.7)
)
(C:\Programme\MikTeX\tex\generic\pgf\basiclayer\pgfcoretransparency.code.tex
File: pgfcoretransparency.code.tex 2013/09/30  (rcs-revision 1.5)
)
(C:\Programme\MikTeX\tex\generic\pgf\basiclayer\pgfcorepatterns.code.tex
File: pgfcorepatterns.code.tex 2013/11/07  (rcs-revision 1.5)
)))
(C:\Programme\MikTeX\tex\latex\pgf\utilities\xxcolor.sty
Package: xxcolor 2003/10/24 ver 0.1
\XC@nummixins=\count117
\XC@countmixins=\count118
)
(C:\Programme\MikTeX\tex\generic\oberdiek\atbegshi.sty
Package: atbegshi 2011/10/05 v1.16 At begin shipout hook (HO)
)
(C:\Programme\MikTeX\tex\latex\hyperref\hyperref.sty
Package: hyperref 2012/11/06 v6.83m Hypertext links for LaTeX

(C:\Programme\MikTeX\tex\generic\oberdiek\hobsub-hyperref.sty
Package: hobsub-hyperref 2012/04/25 v1.12 Bundle oberdiek, subset hyperref (HO)


(C:\Programme\MikTeX\tex\generic\oberdiek\hobsub-generic.sty
Package: hobsub-generic 2012/04/25 v1.12 Bundle oberdiek, subset generic (HO)
Package: hobsub 2012/04/25 v1.12 Construct package bundles (HO)
Package hobsub Info: Skipping package `infwarerr' (already loaded).
Package hobsub Info: Skipping package `ltxcmds' (already loaded).
Package: ifluatex 2010/03/01 v1.3 Provides the ifluatex switch (HO)
Package ifluatex Info: LuaTeX not detected.
Package hobsub Info: Skipping package `ifvtex' (already loaded).
Package: intcalc 2007/09/27 v1.1 Expandable calculations with integers (HO)
Package hobsub Info: Skipping package `ifpdf' (already loaded).
Package: etexcmds 2011/02/16 v1.5 Avoid name clashes with e-TeX commands (HO)
Package etexcmds Info: Could not find \expanded.
(etexcmds)             That can mean that you are not using pdfTeX 1.50 or
(etexcmds)             that some package has redefined \expanded.
(etexcmds)             In the latter case, load this package earlier.
Package: kvsetkeys 2012/04/25 v1.16 Key value parser (HO)
Package: kvdefinekeys 2011/04/07 v1.3 Define keys (HO)
Package: pdftexcmds 2011/11/29 v0.20 Utility functions of pdfTeX for LuaTeX (HO
)
Package pdftexcmds Info: LuaTeX not detected.
Package pdftexcmds Info: \pdf@primitive is available.
Package pdftexcmds Info: \pdf@ifprimitive is available.
Package pdftexcmds Info: \pdfdraftmode found.
Package: pdfescape 2011/11/25 v1.13 Implements pdfTeX's escape features (HO)
Package: bigintcalc 2012/04/08 v1.3 Expandable calculations on big integers (HO
)
Package: bitset 2011/01/30 v1.1 Handle bit-vector datatype (HO)
Package: uniquecounter 2011/01/30 v1.2 Provide unlimited unique counter (HO)
)
Package hobsub Info: Skipping package `hobsub' (already loaded).
Package: letltxmacro 2010/09/02 v1.4 Let assignment for LaTeX macros (HO)
Package: hopatch 2011/06/24 v1.1 Wrapper for package hooks (HO)
Package: xcolor-patch 2011/01/30 xcolor patch
Package: atveryend 2011/06/30 v1.8 Hooks at the very end of document (HO)
Package atveryend Info: \enddocument detected (standard20110627).
Package hobsub Info: Skipping package `atbegshi' (already loaded).
Package: refcount 2011/10/16 v3.4 Data extraction from label references (HO)
Package: hycolor 2011/01/30 v1.7 Color options for hyperref/bookmark (HO)
)
(C:\Programme\MikTeX\tex\latex\oberdiek\auxhook.sty
Package: auxhook 2011/03/04 v1.3 Hooks for auxiliary files (HO)
)
(C:\Programme\MikTeX\tex\latex\oberdiek\kvoptions.sty
Package: kvoptions 2011/06/30 v3.11 Key value format for package options (HO)
)
\@linkdim=\dimen166
\Hy@linkcounter=\count119
\Hy@pagecounter=\count120

(C:\Programme\MikTeX\tex\latex\hyperref\pd1enc.def
File: pd1enc.def 2012/11/06 v6.83m Hyperref: PDFDocEncoding definition (HO)
)
\Hy@SavedSpaceFactor=\count121

(C:\Programme\MikTeX\tex\latex\00miktex\hyperref.cfg
File: hyperref.cfg 2002/06/06 v1.2 hyperref configuration of TeXLive
)
Package hyperref Info: Option `bookmarks' set `true' on input line 4319.
Package hyperref Info: Option `bookmarksopen' set `true' on input line 4319.
Package hyperref Info: Option `implicit' set `false' on input line 4319.
Package hyperref Info: Hyper figures OFF on input line 4443.
Package hyperref Info: Link nesting OFF on input line 4448.
Package hyperref Info: Hyper index ON on input line 4451.
Package hyperref Info: Plain pages OFF on input line 4458.
Package hyperref Info: Backreferencing OFF on input line 4463.
Package hyperref Info: Implicit mode OFF; no redefinition of LaTeX internals.
Package hyperref Info: Bookmarks ON on input line 4688.
\c@Hy@tempcnt=\count122

(C:\Programme\MikTeX\tex\latex\url\url.sty
\Urlmuskip=\muskip10
Package: url 2013/09/16  ver 3.4  Verb mode for urls, etc.
)
LaTeX Info: Redefining \url on input line 5041.
\XeTeXLinkMargin=\dimen167
\Fld@menulength=\count123
\Field@Width=\dimen168
\Fld@charsize=\dimen169
Package hyperref Info: Hyper figures OFF on input line 6295.
Package hyperref Info: Link nesting OFF on input line 6300.
Package hyperref Info: Hyper index ON on input line 6303.
Package hyperref Info: backreferencing OFF on input line 6310.
Package hyperref Info: Link coloring OFF on input line 6315.
Package hyperref Info: Link coloring with OCG OFF on input line 6320.
Package hyperref Info: PDF/A mode OFF on input line 6325.
LaTeX Info: Redefining \ref on input line 6365.
LaTeX Info: Redefining \pageref on input line 6369.
\Hy@abspage=\count124


Package hyperref Message: Stopped early.

)

Package hyperref Message: Driver (autodetected): hpdftex.

(C:\Programme\MikTeX\tex\latex\hyperref\hpdftex.def
File: hpdftex.def 2012/11/06 v6.83m Hyperref driver for pdfTeX
\Fld@listcount=\count125
\c@bookmark@seq@number=\count126

(C:\Programme\MikTeX\tex\latex\oberdiek\rerunfilecheck.sty
Package: rerunfilecheck 2011/04/15 v1.7 Rerun checks for auxiliary files (HO)
Package uniquecounter Info: New unique counter `rerunfilecheck' on input line 2
82.
))
(C:\Programme\MikTeX\tex\latex\beamer\base\beamerbaserequires.sty
Package: beamerbaserequires 2010/05/01  (rcs-revision efa082c6111d)

(C:\Programme\MikTeX\tex\latex\beamer\base\beamerbasecompatibility.sty
Package: beamerbasecompatibility 2012/05/01  (rcs-revision 67c48b3b652d)
)
(C:\Programme\MikTeX\tex\latex\beamer\base\beamerbasefont.sty
Package: beamerbasefont 2015/01/05  (rcs-revision b4b4bee242e2)

(C:\Programme\MikTeX\tex\latex\amsfonts\amssymb.sty
Package: amssymb 2013/01/14 v3.01 AMS font symbols

(C:\Programme\MikTeX\tex\latex\amsfonts\amsfonts.sty
Package: amsfonts 2013/01/14 v3.01 Basic AMSFonts support
\@emptytoks=\toks28
\symAMSa=\mathgroup4
\symAMSb=\mathgroup5
LaTeX Font Info:    Overwriting math alphabet `\mathfrak' in version `bold'
(Font)                  U/euf/m/n --> U/euf/b/n on input line 106.
))
(C:\Programme\MikTeX\tex\latex\sansmathaccent\sansmathaccent.sty
Package: sansmathaccent 2013/03/28

(C:\Programme\MikTeX\tex\latex\filehook\filehook.sty
Package: filehook 2011/10/12 v0.5d Hooks for input files
)))
(C:\Programme\MikTeX\tex\latex\beamer\base\beamerbasetranslator.sty
Package: beamerbasetranslator 2010/06/11  (rcs-revision 85fd1cc7fc42)

(C:\Programme\MikTeX\tex\latex\beamer\base\translator\translator.sty
Package: translator 2010/06/12 ver 1.10

(C:\Programme\MikTeX\tex\latex\beamer\base\translator\translator-language-mappi
ngs.tex))) (C:\Programme\MikTeX\tex\latex\beamer\base\beamerbasemisc.sty
Package: beamerbasemisc 2013/09/03  (rcs-revision a55719c41d85)
)
(C:\Programme\MikTeX\tex\latex\beamer\base\beamerbasetwoscreens.sty
Package: beamerbasetwoscreens 2010/05/01  (rcs-revision efa082c6111d)
)
(C:\Programme\MikTeX\tex\latex\beamer\base\beamerbaseoverlay.sty
Package: beamerbaseoverlay 2013/12/25  (rcs-revision f6bd5e3805da)
\beamer@argscount=\count127
\beamer@lastskipcover=\skip47
\beamer@trivlistdepth=\count128
)
(C:\Programme\MikTeX\tex\latex\beamer\base\beamerbasetitle.sty
Package: beamerbasetitle 2010/09/21  (rcs-revision f0446ed0b6ae)
)
(C:\Programme\MikTeX\tex\latex\beamer\base\beamerbasesection.sty
Package: beamerbasesection 2013/06/07  (rcs-revision 60b9fe0f342f)
\c@lecture=\count129
\c@part=\count130
\c@section=\count131
\c@subsection=\count132
\c@subsubsection=\count133
)
(C:\Programme\MikTeX\tex\latex\beamer\base\beamerbaseframe.sty
Package: beamerbaseframe 2014/02/20  (rcs-revision 4b8ceeeff434)
\beamer@framebox=\box40
\beamer@frametitlebox=\box41
\beamer@zoombox=\box42
\beamer@zoomcount=\count134
\beamer@zoomframecount=\count135
\beamer@frametextheight=\dimen170
\c@subsectionslide=\count136
\beamer@frametopskip=\skip48
\beamer@framebottomskip=\skip49
\beamer@frametopskipautobreak=\skip50
\beamer@framebottomskipautobreak=\skip51
\beamer@envbody=\toks29
\framewidth=\dimen171
\c@framenumber=\count137
)
(C:\Programme\MikTeX\tex\latex\beamer\base\beamerbaseverbatim.sty
Package: beamerbaseverbatim 2015/01/05  (rcs-revision 431510bb5890)
\beamer@verbatimfileout=\write4
)
(C:\Programme\MikTeX\tex\latex\beamer\base\beamerbaseframesize.sty
Package: beamerbaseframesize 2011/09/12  (rcs-revision 70f9d8411e54)
\beamer@splitbox=\box43
\beamer@autobreakcount=\count138
\beamer@autobreaklastheight=\dimen172
\beamer@frametitletoks=\toks30
\beamer@framesubtitletoks=\toks31
)
(C:\Programme\MikTeX\tex\latex\beamer\base\beamerbaseframecomponents.sty
Package: beamerbaseframecomponents 2013/10/18  (rcs-revision 5cf6c5555a45)
\beamer@footins=\box44
)
(C:\Programme\MikTeX\tex\latex\beamer\base\beamerbasecolor.sty
Package: beamerbasecolor 2015/02/21  (rcs-revision d944b04ee2d5)
)
(C:\Programme\MikTeX\tex\latex\beamer\base\beamerbasenotes.sty
Package: beamerbasenotes 2012/12/19  (rcs-revision 1686da3db3c9)
\beamer@frameboxcopy=\box45
)
(C:\Programme\MikTeX\tex\latex\beamer\base\beamerbasetoc.sty
Package: beamerbasetoc 2015/03/08  (rcs-revision 7270298bbaae)
)
(C:\Programme\MikTeX\tex\latex\beamer\base\beamerbasetemplates.sty
Package: beamerbasetemplates 2010/05/01  (rcs-revision efa082c6111d)
\beamer@sbttoks=\toks32

(C:\Programme\MikTeX\tex\latex\beamer\base\beamerbaseauxtemplates.sty
Package: beamerbaseauxtemplates 2014/06/30  (rcs-revision 580088513a67)

(C:\Programme\MikTeX\tex\latex\beamer\base\beamerbaseboxes.sty
Package: beamerbaseboxes 2012/05/13  (rcs-revision 56972908a390)
\bmb@box=\box46
\bmb@colorbox=\box47
\bmb@boxshadow=\box48
\bmb@boxshadowball=\box49
\bmb@boxshadowballlarge=\box50
\bmb@temp=\dimen173
\bmb@dima=\dimen174
\bmb@dimb=\dimen175
\bmb@prevheight=\dimen176
)
\beamer@blockheadheight=\dimen177
))
(C:\Programme\MikTeX\tex\latex\beamer\base\beamerbaselocalstructure.sty
Package: beamerbaselocalstructure 2014/09/10  (rcs-revision 393f6dcff371)

(C:\Programme\MikTeX\tex\latex\tools\enumerate.sty
Package: enumerate 2014/10/28 v3.00 enumerate extensions (DPC)
\@enLab=\toks33
)
\c@figure=\count139
\c@table=\count140
\abovecaptionskip=\skip52
\belowcaptionskip=\skip53
)
(C:\Programme\MikTeX\tex\latex\beamer\base\beamerbasenavigation.sty
Package: beamerbasenavigation 2015/02/27  (rcs-revision 923f4bf87efa)
\beamer@section@min@dim=\dimen178
)
(C:\Programme\MikTeX\tex\latex\beamer\base\beamerbasetheorems.sty
Package: beamerbasetheorems 2010/06/06  (rcs-revision 7e7cc5e53e9d)

(C:\Programme\MikTeX\tex\latex\amsmath\amsmath.sty
Package: amsmath 2013/01/14 v2.14 AMS math features
\@mathmargin=\skip54

For additional information on amsmath, use the `?' option.
(C:\Programme\MikTeX\tex\latex\amsmath\amstext.sty
Package: amstext 2000/06/29 v2.01

(C:\Programme\MikTeX\tex\latex\amsmath\amsgen.sty
File: amsgen.sty 1999/11/30 v2.0
\@emptytoks=\toks34
\ex@=\dimen179
))
(C:\Programme\MikTeX\tex\latex\amsmath\amsbsy.sty
Package: amsbsy 1999/11/29 v1.2d
\pmbraise@=\dimen180
)
(C:\Programme\MikTeX\tex\latex\amsmath\amsopn.sty
Package: amsopn 1999/12/14 v2.01 operator names
)
\inf@bad=\count141
LaTeX Info: Redefining \frac on input line 210.
\uproot@=\count142
\leftroot@=\count143
LaTeX Info: Redefining \overline on input line 306.
\classnum@=\count144
\DOTSCASE@=\count145
LaTeX Info: Redefining \ldots on input line 378.
LaTeX Info: Redefining \dots on input line 381.
LaTeX Info: Redefining \cdots on input line 466.
\Mathstrutbox@=\box51
\strutbox@=\box52
\big@size=\dimen181
LaTeX Font Info:    Redeclaring font encoding OML on input line 566.
LaTeX Font Info:    Redeclaring font encoding OMS on input line 567.
\macc@depth=\count146
\c@MaxMatrixCols=\count147
\dotsspace@=\muskip11
\c@parentequation=\count148
\dspbrk@lvl=\count149
\tag@help=\toks35
\row@=\count150
\column@=\count151
\maxfields@=\count152
\andhelp@=\toks36
\eqnshift@=\dimen182
\alignsep@=\dimen183
\tagshift@=\dimen184
\tagwidth@=\dimen185
\totwidth@=\dimen186
\lineht@=\dimen187
\@envbody=\toks37
\multlinegap=\skip55
\multlinetaggap=\skip56
\mathdisplay@stack=\toks38
LaTeX Info: Redefining \[ on input line 2665.
LaTeX Info: Redefining \] on input line 2666.
)
(C:\Programme\MikTeX\tex\latex\amscls\amsthm.sty
Package: amsthm 2015/03/04 v2.20.2
\thm@style=\toks39
\thm@bodyfont=\toks40
\thm@headfont=\toks41
\thm@notefont=\toks42
\thm@headpunct=\toks43
\thm@preskip=\skip57
\thm@postskip=\skip58
\thm@headsep=\skip59
\dth@everypar=\toks44
)
\c@theorem=\count153
)
(C:\Programme\MikTeX\tex\latex\beamer\base\beamerbasethemes.sty
Package: beamerbasethemes 2010/05/01  (rcs-revision efa082c6111d)
))
(C:\Programme\MikTeX\tex\latex\beamer\base\themes\theme\beamerthemedefault.sty
Package: beamerthemedefault 2010/06/17  (rcs-revision d02a7cf4d8ae)

(C:\Programme\MikTeX\tex\latex\beamer\base\themes\font\beamerfontthemedefault.s
ty
Package: beamerfontthemedefault 2012/12/19  (rcs-revision 1686da3db3c9)
)
(C:\Programme\MikTeX\tex\latex\beamer\base\themes\color\beamercolorthemedefault
.sty
Package: beamercolorthemedefault 2012/12/19  (rcs-revision 1686da3db3c9)
)
(C:\Programme\MikTeX\tex\latex\beamer\base\themes\inner\beamerinnerthemedefault
.sty
Package: beamerinnerthemedefault 2014/06/30  (rcs-revision 580088513a67)
\beamer@dima=\dimen188
\beamer@dimb=\dimen189
)
(C:\Programme\MikTeX\tex\latex\beamer\base\themes\outer\beamerouterthemedefault
.sty
Package: beamerouterthemedefault 2012/12/19  (rcs-revision 1686da3db3c9)
))) (C:\Programme\MikTeX\tex\latex\base\fontenc.sty
Package: fontenc 2005/09/27 v1.99g Standard LaTeX package

(C:\Programme\MikTeX\tex\latex\base\t1enc.def
File: t1enc.def 2005/09/27 v1.99g Standard LaTeX file
LaTeX Font Info:    Redeclaring font encoding T1 on input line 48.
))
(C:\Programme\MikTeX\tex\latex\babel\babel.sty
Package: babel 2014/09/25 3.9l The Babel package

*************************************
* Local config file bblopts.cfg used
*
(C:\Programme\MikTeX\tex\latex\00miktex\bblopts.cfg
File: bblopts.cfg 2006/07/31 v1.0 MiKTeX 'babel' configuration
)
(C:\Programme\MikTeX\tex\latex\babel-english\english.ldf
Language: english 2012/08/20 v3.3p English support from the babel system

(C:\Programme\MikTeX\tex\latex\babel\babel.def
File: babel.def 2014/09/25 3.9l Babel common definitions
\babel@savecnt=\count154
\U@D=\dimen190
LaTeX Info: Redefining \textlatin on input line 1431.
)
\l@canadian = a dialect from \language\l@american 
\l@australian = a dialect from \language\l@british 
\l@newzealand = a dialect from \language\l@british 
))
(C:\Programme\MikTeX\tex\latex\tools\tabularx.sty
Package: tabularx 2014/10/28 v2.10 `tabularx' package (DPC)
\TX@col@width=\dimen191
\TX@old@table=\dimen192
\TX@old@col=\dimen193
\TX@target=\dimen194
\TX@delta=\dimen195
\TX@cols=\count155
\TX@ftn=\toks45
)
(C:\Programme\MikTeX\tex\latex\pgf\frontendlayer\tikz.sty
(C:\Programme\MikTeX\tex\latex\pgf\basiclayer\pgf.sty
Package: pgf 2013/12/18 v3.0.0 (rcs-revision 1.14)

(C:\Programme\MikTeX\tex\generic\pgf\modules\pgfmoduleshapes.code.tex
File: pgfmoduleshapes.code.tex 2013/10/31  (rcs-revision 1.34)
\pgfnodeparttextbox=\box53
)
(C:\Programme\MikTeX\tex\generic\pgf\modules\pgfmoduleplot.code.tex
File: pgfmoduleplot.code.tex 2013/07/31  (rcs-revision 1.12)
)
(C:\Programme\MikTeX\tex\latex\pgf\compatibility\pgfcomp-version-0-65.sty
Package: pgfcomp-version-0-65 2007/07/03 v3.0.0 (rcs-revision 1.7)
\pgf@nodesepstart=\dimen196
\pgf@nodesepend=\dimen197
)
(C:\Programme\MikTeX\tex\latex\pgf\compatibility\pgfcomp-version-1-18.sty
Package: pgfcomp-version-1-18 2007/07/23 v3.0.0 (rcs-revision 1.1)
))
(C:\Programme\MikTeX\tex\latex\pgf\utilities\pgffor.sty
(C:\Programme\MikTeX\tex\latex\pgf\utilities\pgfkeys.sty
(C:\Programme\MikTeX\tex\generic\pgf\utilities\pgfkeys.code.tex))
(C:\Programme\MikTeX\tex\latex\pgf\math\pgfmath.sty
(C:\Programme\MikTeX\tex\generic\pgf\math\pgfmath.code.tex))
(C:\Programme\MikTeX\tex\generic\pgf\utilities\pgffor.code.tex
Package: pgffor 2013/12/13 v3.0.0 (rcs-revision 1.25)

(C:\Programme\MikTeX\tex\generic\pgf\math\pgfmath.code.tex)
\pgffor@iter=\dimen198
\pgffor@skip=\dimen199
\pgffor@stack=\toks46
\pgffor@toks=\toks47
))
(C:\Programme\MikTeX\tex\generic\pgf\frontendlayer\tikz\tikz.code.tex
Package: tikz 2013/12/13 v3.0.0 (rcs-revision 1.142)

(C:\Programme\MikTeX\tex\generic\pgf\libraries\pgflibraryplothandlers.code.tex
File: pgflibraryplothandlers.code.tex 2013/08/31 v3.0.0 (rcs-revision 1.20)
\pgf@plot@mark@count=\count156
\pgfplotmarksize=\dimen200
)
\tikz@lastx=\dimen201
\tikz@lasty=\dimen202
\tikz@lastxsaved=\dimen203
\tikz@lastysaved=\dimen204
\tikzleveldistance=\dimen205
\tikzsiblingdistance=\dimen206
\tikz@figbox=\box54
\tikz@figbox@bg=\box55
\tikz@tempbox=\box56
\tikz@tempbox@bg=\box57
\tikztreelevel=\count157
\tikznumberofchildren=\count158
\tikznumberofcurrentchild=\count159
\tikz@fig@count=\count160
(C:\Programme\MikTeX\tex\generic\pgf\modules\pgfmodulematrix.code.tex
File: pgfmodulematrix.code.tex 2013/09/17  (rcs-revision 1.8)
\pgfmatrixcurrentrow=\count161
\pgfmatrixcurrentcolumn=\count162
\pgf@matrix@numberofcolumns=\count163
)
\tikz@expandcount=\count164

(C:\Programme\MikTeX\tex\generic\pgf\frontendlayer\tikz\libraries\tikzlibraryto
paths.code.tex
File: tikzlibrarytopaths.code.tex 2008/06/17 v3.0.0 (rcs-revision 1.2)
))) (C:\Programme\MikTeX\tex\latex\psnfss\helvet.sty
Package: helvet 2005/04/12 PSNFSS-v9.2a (WaS) 
))
(C:\Programme\MikTeX\tex\latex\oberdiek\epstopdf.sty
Package: epstopdf 2010/02/09 v2.5 Conversion with epstopdf on the fly (HO)

(C:\Programme\MikTeX\tex\latex\oberdiek\epstopdf-base.sty
Package: epstopdf-base 2010/02/09 v2.5 Base part for package epstopdf

(C:\Programme\MikTeX\tex\latex\oberdiek\grfext.sty
Package: grfext 2010/08/19 v1.1 Manage graphics extensions (HO)
)
Package grfext Info: Graphics extension search list:
(grfext)             [.png,.pdf,.jpg,.mps,.jpeg,.jbig2,.jb2,.PNG,.PDF,.JPG,.JPE
G,.JBIG2,.JB2,.eps]
(grfext)             \AppendGraphicsExtensions on input line 452.
))
(2016_FoBi_Fachrecherche_MatInf.aux)
LaTeX Font Info:    Checking defaults for OML/cmm/m/it on input line 29.
LaTeX Font Info:    ... okay on input line 29.
LaTeX Font Info:    Checking defaults for T1/cmr/m/n on input line 29.
LaTeX Font Info:    ... okay on input line 29.
LaTeX Font Info:    Checking defaults for OT1/cmr/m/n on input line 29.
LaTeX Font Info:    ... okay on input line 29.
LaTeX Font Info:    Checking defaults for OMS/cmsy/m/n on input line 29.
LaTeX Font Info:    ... okay on input line 29.
LaTeX Font Info:    Checking defaults for OMX/cmex/m/n on input line 29.
LaTeX Font Info:    ... okay on input line 29.
LaTeX Font Info:    Checking defaults for U/cmr/m/n on input line 29.
LaTeX Font Info:    ... okay on input line 29.
LaTeX Font Info:    Checking defaults for PD1/pdf/m/n on input line 29.
LaTeX Font Info:    ... okay on input line 29.
LaTeX Font Info:    Try loading font information for T1+phv on input line 29.

(C:\Programme\MikTeX\tex\latex\psnfss\t1phv.fd
File: t1phv.fd 2001/06/04 scalable font definitions for T1/phv.
)
LaTeX Font Info:    Font shape `T1/phv/m/n' will be
(Font)              scaled to size 10.40245pt on input line 29.

*geometry* driver: auto-detecting
*geometry* detected driver: pdftex
*geometry* verbose mode - [ preamble ] result:
* driver: pdftex
* paper: custom
* layout: <same size as paper>
* layoutoffset:(h,v)=(0.0pt,0.0pt)
* modes: includehead includefoot 
* h-part:(L,W,R)=(28.45274pt, 307.28987pt, 28.45274pt)
* v-part:(T,H,B)=(0.0pt, 273.14662pt, 0.0pt)
* \paperwidth=364.19536pt
* \paperheight=273.14662pt
* \textwidth=307.28987pt
* \textheight=244.6939pt
* \oddsidemargin=-43.81725pt
* \evensidemargin=-43.81725pt
* \topmargin=-72.26999pt
* \headheight=14.22636pt
* \headsep=0.0pt
* \topskip=11.0pt
* \footskip=14.22636pt
* \marginparwidth=4.0pt
* \marginparsep=10.0pt
* \columnsep=10.0pt
* \skip\footins=10.0pt plus 4.0pt minus 2.0pt
* \hoffset=0.0pt
* \voffset=0.0pt
* \mag=1000
* \@twocolumnfalse
* \@twosidefalse
* \@mparswitchfalse
* \@reversemarginfalse
* (1in=72.27pt=25.4mm, 1cm=28.453pt)

(C:\Programme\MikTeX\tex\context\base\supp-pdf.mkii
[Loading MPS to PDF converter (version 2006.09.02).]
\scratchcounter=\count165
\scratchdimen=\dimen207
\scratchbox=\box58
\nofMPsegments=\count166
\nofMParguments=\count167
\everyMPshowfont=\toks48
\MPscratchCnt=\count168
\MPscratchDim=\dimen208
\MPnumerator=\count169
\makeMPintoPDFobject=\count170
\everyMPtoPDFconversion=\toks49
) ABD: EveryShipout initializing macros
\AtBeginShipoutBox=\box59
Package hyperref Info: Link coloring OFF on input line 29.

(C:\Programme\MikTeX\tex\latex\hyperref\nameref.sty
Package: nameref 2012/10/27 v2.43 Cross-referencing by name of section

(C:\Programme\MikTeX\tex\generic\oberdiek\gettitlestring.sty
Package: gettitlestring 2010/12/03 v1.4 Cleanup title references (HO)
)
\c@section@level=\count171
)
LaTeX Info: Redefining \ref on input line 29.
LaTeX Info: Redefining \pageref on input line 29.
LaTeX Info: Redefining \nameref on input line 29.

(2016_FoBi_Fachrecherche_MatInf.out) (2016_FoBi_Fachrecherche_MatInf.out)
\@outlinefile=\write5
LaTeX Font Info:    Overwriting symbol font `operators' in version `normal'
(Font)                  OT1/cmr/m/n --> OT1/cmss/m/n on input line 29.
LaTeX Font Info:    Overwriting symbol font `operators' in version `bold'
(Font)                  OT1/cmr/bx/n --> OT1/cmss/bx/n on input line 29.
\symnumbers=\mathgroup6
\sympureletters=\mathgroup7
LaTeX Font Info:    Overwriting math alphabet `\mathrm' in version `normal'
(Font)                  OT1/cmss/m/n --> T1/cmr/m/n on input line 29.
LaTeX Font Info:    Redeclaring math alphabet \mathbf on input line 29.
LaTeX Font Info:    Overwriting math alphabet `\mathbf' in version `normal'
(Font)                  OT1/cmr/bx/n --> T1/phv/bx/n on input line 29.
LaTeX Font Info:    Overwriting math alphabet `\mathbf' in version `bold'
(Font)                  OT1/cmr/bx/n --> T1/phv/bx/n on input line 29.
LaTeX Font Info:    Redeclaring math alphabet \mathsf on input line 29.
LaTeX Font Info:    Overwriting math alphabet `\mathsf' in version `normal'
(Font)                  OT1/cmss/m/n --> T1/phv/m/n on input line 29.
LaTeX Font Info:    Overwriting math alphabet `\mathsf' in version `bold'
(Font)                  OT1/cmss/bx/n --> T1/phv/m/n on input line 29.
LaTeX Font Info:    Redeclaring math alphabet \mathit on input line 29.
LaTeX Font Info:    Overwriting math alphabet `\mathit' in version `normal'
(Font)                  OT1/cmr/m/it --> T1/phv/m/it on input line 29.
LaTeX Font Info:    Overwriting math alphabet `\mathit' in version `bold'
(Font)                  OT1/cmr/bx/it --> T1/phv/m/it on input line 29.
LaTeX Font Info:    Redeclaring math alphabet \mathtt on input line 29.
LaTeX Font Info:    Overwriting math alphabet `\mathtt' in version `normal'
(Font)                  OT1/cmtt/m/n --> T1/cmtt/m/n on input line 29.
LaTeX Font Info:    Overwriting math alphabet `\mathtt' in version `bold'
(Font)                  OT1/cmtt/m/n --> T1/cmtt/m/n on input line 29.
LaTeX Font Info:    Overwriting symbol font `numbers' in version `bold'
(Font)                  T1/phv/m/n --> T1/phv/bx/n on input line 29.
LaTeX Font Info:    Overwriting symbol font `pureletters' in version `bold'
(Font)                  T1/phv/m/it --> T1/phv/bx/it on input line 29.
LaTeX Font Info:    Overwriting math alphabet `\mathrm' in version `bold'
(Font)                  OT1/cmss/bx/n --> T1/cmr/bx/n on input line 29.
LaTeX Font Info:    Overwriting math alphabet `\mathbf' in version `bold'
(Font)                  T1/phv/bx/n --> T1/phv/bx/n on input line 29.
LaTeX Font Info:    Overwriting math alphabet `\mathsf' in version `bold'
(Font)                  T1/phv/m/n --> T1/phv/bx/n on input line 29.
LaTeX Font Info:    Overwriting math alphabet `\mathit' in version `bold'
(Font)                  T1/phv/m/it --> T1/phv/bx/it on input line 29.
LaTeX Font Info:    Overwriting math alphabet `\mathtt' in version `bold'
(Font)                  T1/cmtt/m/n --> T1/cmtt/bx/n on input line 29.

(C:\Programme\MikTeX\tex\latex\beamer\base\translator\dicts\translator-basic-di
ctionary\translator-basic-dictionary-English.dict
Dictionary: translator-basic-dictionary, Language: English 
)
(C:\Programme\MikTeX\tex\latex\beamer\base\translator\dicts\translator-bibliogr
aphy-dictionary\translator-bibliography-dictionary-English.dict
Dictionary: translator-bibliography-dictionary, Language: English 
)
(C:\Programme\MikTeX\tex\latex\beamer\base\translator\dicts\translator-environm
ent-dictionary\translator-environment-dictionary-English.dict
Dictionary: translator-environment-dictionary, Language: English 
)
(C:\Programme\MikTeX\tex\latex\beamer\base\translator\dicts\translator-months-d
ictionary\translator-months-dictionary-English.dict
Dictionary: translator-months-dictionary, Language: English 
)
(C:\Programme\MikTeX\tex\latex\beamer\base\translator\dicts\translator-numbers-
dictionary\translator-numbers-dictionary-English.dict
Dictionary: translator-numbers-dictionary, Language: English 
)
(C:\Programme\MikTeX\tex\latex\beamer\base\translator\dicts\translator-theorem-
dictionary\translator-theorem-dictionary-English.dict
Dictionary: translator-theorem-dictionary, Language: English 
)
LaTeX Info: Redefining \includegraphics on input line 29.

(2016_FoBi_Fachrecherche_MatInf.nav)
LaTeX Font Info:    Font shape `T1/phv/m/n' will be
(Font)              scaled to size 5.69998pt on input line 29.

<graphics/TIB_Logo_Markenzusatz_60mm_RGB.pdf, id=32, 171.64125pt x 38.1425pt>
File: graphics/TIB_Logo_Markenzusatz_60mm_RGB.pdf Graphic file (type pdf)

<use graphics/TIB_Logo_Markenzusatz_60mm_RGB.pdf>
Package pdftex.def Info: graphics/TIB_Logo_Markenzusatz_60mm_RGB.pdf used on in
put line 35.
(pdftex.def)             Requested size: 153.64493pt x 34.14284pt.

<graphics/TIB_Wort_Bildmarke_RGB.pdf, id=33, 285.065pt x 188.705pt>
File: graphics/TIB_Wort_Bildmarke_RGB.pdf Graphic file (type pdf)

<use graphics/TIB_Wort_Bildmarke_RGB.pdf>
Package pdftex.def Info: graphics/TIB_Wort_Bildmarke_RGB.pdf used on input line
 35.
(pdftex.def)             Requested size: 76.82246pt x 50.85312pt.
LaTeX Font Info:    Font shape `T1/phv/m/n' will be
(Font)              scaled to size 19.70294pt on input line 35.
LaTeX Font Info:    Font shape `T1/phv/bx/n' in size <20.74> not available
(Font)              Font shape `T1/phv/b/n' tried instead on input line 35.
LaTeX Font Info:    Font shape `T1/phv/b/n' will be
(Font)              scaled to size 19.70294pt on input line 35.
LaTeX Font Info:    Font shape `T1/phv/bx/n' in size <10.95> not available
(Font)              Font shape `T1/phv/b/n' tried instead on input line 35.
LaTeX Font Info:    Font shape `T1/phv/b/n' will be
(Font)              scaled to size 10.40245pt on input line 35.

<graphics/CC-by-sa_icon-svg.png, id=34, 1027.84pt x 361.35pt>
File: graphics/CC-by-sa_icon-svg.png Graphic file (type png)

<use graphics/CC-by-sa_icon-svg.png>
Package pdftex.def Info: graphics/CC-by-sa_icon-svg.png used on input line 35.
(pdftex.def)             Requested size: 30.73085pt x 10.80142pt.
 [1

{C:/Dokumente und Einstellungen/RunnwerthM/Lokale Einstellungen/Anwendungsdaten
/MiKTeX/2.9/pdftex/config/pdftex.map} <./graphics/TIB_Logo_Markenzusatz_60mm_RG
B.pdf> <./graphics/TIB_Wort_Bildmarke_RGB.pdf> <./graphics/CC-by-sa_icon-svg.pn
g>] (2016_FoBi_Fachrecherche_MatInf.toc)
LaTeX Font Info:    Font shape `T1/phv/m/n' will be
(Font)              scaled to size 11.39996pt on input line 42.
LaTeX Font Info:    Font shape `T1/phv/bx/n' in size <12> not available
(Font)              Font shape `T1/phv/b/n' tried instead on input line 42.
LaTeX Font Info:    Font shape `T1/phv/b/n' will be
(Font)              scaled to size 11.39996pt on input line 42.
File: graphics/TIB_Wort_Bildmarke_RGB.pdf Graphic file (type pdf)
<use graphics/TIB_Wort_Bildmarke_RGB.pdf>
Package pdftex.def Info: graphics/TIB_Wort_Bildmarke_RGB.pdf used on input line
 42.
(pdftex.def)             Requested size: 61.45306pt x 40.68019pt.
 [2

]
File: graphics/TIB_Wort_Bildmarke_RGB.pdf Graphic file (type pdf)

<use graphics/TIB_Wort_Bildmarke_RGB.pdf>
Package pdftex.def Info: graphics/TIB_Wort_Bildmarke_RGB.pdf used on input line
 46.
(pdftex.def)             Requested size: 61.45306pt x 40.68019pt.
LaTeX Font Info:    Font shape `T1/phv/bx/n' in size <14.4> not available
(Font)              Font shape `T1/phv/b/n' tried instead on input line 46.
LaTeX Font Info:    Font shape `T1/phv/b/n' will be
(Font)              scaled to size 13.67995pt on input line 46.
LaTeX Font Info:    Font shape `T1/phv/m/n' will be
(Font)              scaled to size 3.79999pt on input line 46.
 [3

]
<graphics/101innovations.png, id=86, 863.225pt x 611.28375pt>
File: graphics/101innovations.png Graphic file (type png)

<use graphics/101innovations.png>
Package pdftex.def Info: graphics/101innovations.png used on input line 56.
(pdftex.def)             Requested size: 230.46739pt x 163.20198pt.
File: graphics/TIB_Wort_Bildmarke_RGB.pdf Graphic file (type pdf)
 <use graphics/TIB_Wort_Bildmarke_RGB.pdf>
Package pdftex.def Info: graphics/TIB_Wort_Bildmarke_RGB.pdf used on input line
 56.
(pdftex.def)             Requested size: 61.45306pt x 40.68019pt.

[4

 <./graphics/101innovations.png>]
LaTeX Font Info:    Try loading font information for U+msa on input line 74.

(C:\Programme\MikTeX\tex\latex\amsfonts\umsa.fd
File: umsa.fd 2013/01/14 v3.01 AMS symbols A
)
LaTeX Font Info:    Try loading font information for U+msb on input line 74.

(C:\Programme\MikTeX\tex\latex\amsfonts\umsb.fd
File: umsb.fd 2013/01/14 v3.01 AMS symbols B
)
LaTeX Font Info:    Font shape `T1/phv/m/n' will be
(Font)              scaled to size 7.59998pt on input line 74.
LaTeX Font Info:    Font shape `T1/phv/m/it' in size <10.95> not available
(Font)              Font shape `T1/phv/m/sl' tried instead on input line 74.
LaTeX Font Info:    Font shape `T1/phv/m/sl' will be
(Font)              scaled to size 10.40245pt on input line 74.
LaTeX Font Info:    Font shape `T1/phv/m/it' in size <8> not available
(Font)              Font shape `T1/phv/m/sl' tried instead on input line 74.
LaTeX Font Info:    Font shape `T1/phv/m/sl' will be
(Font)              scaled to size 7.59998pt on input line 74.
LaTeX Font Info:    Font shape `T1/phv/m/it' in size <6> not available
(Font)              Font shape `T1/phv/m/sl' tried instead on input line 74.
LaTeX Font Info:    Font shape `T1/phv/m/sl' will be
(Font)              scaled to size 5.69998pt on input line 74.

<graphics/toolbox.jpg, id=95, 1027.84pt x 770.88pt>
File: graphics/toolbox.jpg Graphic file (type jpg)
 <use graphics/toolbox.jpg>
Package pdftex.def Info: graphics/toolbox.jpg used on input line 74.
(pdftex.def)             Requested size: 98.33162pt x 73.74014pt.
File: graphics/TIB_Wort_Bildmarke_RGB.pdf Graphic file (type pdf)

<use graphics/TIB_Wort_Bildmarke_RGB.pdf>
Package pdftex.def Info: graphics/TIB_Wort_Bildmarke_RGB.pdf used on input line
 74.
(pdftex.def)             Requested size: 61.45306pt x 40.68019pt.
 [5

 <./graphics/toolbox.jpg>]
File: graphics/TIB_Wort_Bildmarke_RGB.pdf Graphic file (type pdf)

<use graphics/TIB_Wort_Bildmarke_RGB.pdf>
Package pdftex.def Info: graphics/TIB_Wort_Bildmarke_RGB.pdf used on input line
 78.
(pdftex.def)             Requested size: 61.45306pt x 40.68019pt.
 [6

]
<graphics/informatik_discover.png, id=109, 928.46875pt x 449.68pt>
File: graphics/informatik_discover.png Graphic file (type png)

<use graphics/informatik_discover.png>
Package pdftex.def Info: graphics/informatik_discover.png used on input line 87
.
(pdftex.def)             Requested size: 276.559pt x 133.94441pt.
File: graphics/TIB_Wort_Bildmarke_RGB.pdf Graphic file (type pdf)

<use graphics/TIB_Wort_Bildmarke_RGB.pdf>
Package pdftex.def Info: graphics/TIB_Wort_Bildmarke_RGB.pdf used on input line
 87.
(pdftex.def)             Requested size: 61.45306pt x 40.68019pt.
 [7

 <./graphics/informatik_discover.png (PNG copy)>]
<graphics/GoogleScholarLogo.jpg, id=117, 225.84375pt x 97.86563pt>
File: graphics/GoogleScholarLogo.jpg Graphic file (type jpg)

<use graphics/GoogleScholarLogo.jpg>
Package pdftex.def Info: graphics/GoogleScholarLogo.jpg used on input line 109.

(pdftex.def)             Requested size: 69.13974pt x 29.9602pt.
File: graphics/TIB_Wort_Bildmarke_RGB.pdf Graphic file (type pdf)
 <use graphics/TIB_Wort_Bildmarke_RGB.pdf>
Package pdftex.def Info: graphics/TIB_Wort_Bildmarke_RGB.pdf used on input line
 109.
(pdftex.def)             Requested size: 61.45306pt x 40.68019pt.

[8

 <./graphics/GoogleScholarLogo.jpg>]
File: graphics/GoogleScholarLogo.jpg Graphic file (type jpg)
 <use graphics/GoogleScholarLogo.jpg>
Package pdftex.def Info: graphics/GoogleScholarLogo.jpg used on input line 109.

(pdftex.def)             Requested size: 69.13974pt x 29.9602pt.
File: graphics/TIB_Wort_Bildmarke_RGB.pdf Graphic file (type pdf)

<use graphics/TIB_Wort_Bildmarke_RGB.pdf>
Package pdftex.def Info: graphics/TIB_Wort_Bildmarke_RGB.pdf used on input line
 109.
(pdftex.def)             Requested size: 61.45306pt x 40.68019pt.
 [9

]
File: graphics/GoogleScholarLogo.jpg Graphic file (type jpg)

<use graphics/GoogleScholarLogo.jpg>
Package pdftex.def Info: graphics/GoogleScholarLogo.jpg used on input line 109.

(pdftex.def)             Requested size: 69.13974pt x 29.9602pt.
File: graphics/TIB_Wort_Bildmarke_RGB.pdf Graphic file (type pdf)
 <use graphics/TIB_Wort_Bildmarke_RGB.pdf>
Package pdftex.def Info: graphics/TIB_Wort_Bildmarke_RGB.pdf used on input line
 109.
(pdftex.def)             Requested size: 61.45306pt x 40.68019pt.

[10

]
File: graphics/GoogleScholarLogo.jpg Graphic file (type jpg)
 <use graphics/GoogleScholarLogo.jpg>
Package pdftex.def Info: graphics/GoogleScholarLogo.jpg used on input line 109.

(pdftex.def)             Requested size: 69.13974pt x 29.9602pt.
File: graphics/TIB_Wort_Bildmarke_RGB.pdf Graphic file (type pdf)

<use graphics/TIB_Wort_Bildmarke_RGB.pdf>
Package pdftex.def Info: graphics/TIB_Wort_Bildmarke_RGB.pdf used on input line
 109.
(pdftex.def)             Requested size: 61.45306pt x 40.68019pt.
 [11

]
<graphics/Arxiv.png, id=142, 231.11343pt x 108.405pt>
File: graphics/Arxiv.png Graphic file (type png)
 <use graphics/Arxiv.png>
Package pdftex.def Info: graphics/Arxiv.png used on input line 131.
(pdftex.def)             Requested size: 69.13974pt x 32.43077pt.
File: graphics/TIB_Wort_Bildmarke_RGB.pdf Graphic file (type pdf)

<use graphics/TIB_Wort_Bildmarke_RGB.pdf>
Package pdftex.def Info: graphics/TIB_Wort_Bildmarke_RGB.pdf used on input line
 131.
(pdftex.def)             Requested size: 61.45306pt x 40.68019pt.
 [12

 <./graphics/Arxiv.png>]
File: graphics/Arxiv.png Graphic file (type png)

<use graphics/Arxiv.png>
Package pdftex.def Info: graphics/Arxiv.png used on input line 131.
(pdftex.def)             Requested size: 69.13974pt x 32.43077pt.
File: graphics/TIB_Wort_Bildmarke_RGB.pdf Graphic file (type pdf)
 <use graphics/TIB_Wort_Bildmarke_RGB.pdf>
Package pdftex.def Info: graphics/TIB_Wort_Bildmarke_RGB.pdf used on input line
 131.
(pdftex.def)             Requested size: 61.45306pt x 40.68019pt.
 [13

]
File: graphics/Arxiv.png Graphic file (type png)

<use graphics/Arxiv.png>
Package pdftex.def Info: graphics/Arxiv.png used on input line 131.
(pdftex.def)             Requested size: 69.13974pt x 32.43077pt.
File: graphics/TIB_Wort_Bildmarke_RGB.pdf Graphic file (type pdf)
 <use graphics/TIB_Wort_Bildmarke_RGB.pdf>
Package pdftex.def Info: graphics/TIB_Wort_Bildmarke_RGB.pdf used on input line
 131.
(pdftex.def)             Requested size: 61.45306pt x 40.68019pt.
 [14

]
File: graphics/Arxiv.png Graphic file (type png)

<use graphics/Arxiv.png>
Package pdftex.def Info: graphics/Arxiv.png used on input line 131.
(pdftex.def)             Requested size: 69.13974pt x 32.43077pt.
File: graphics/TIB_Wort_Bildmarke_RGB.pdf Graphic file (type pdf)
 <use graphics/TIB_Wort_Bildmarke_RGB.pdf>
Package pdftex.def Info: graphics/TIB_Wort_Bildmarke_RGB.pdf used on input line
 131.
(pdftex.def)             Requested size: 61.45306pt x 40.68019pt.
 [15

]
<graphics/dblp.png, id=169, 555.0336pt x 216.81pt>
File: graphics/dblp.png Graphic file (type png)
 <use graphics/dblp.png>
Package pdftex.def Info: graphics/dblp.png used on input line 154.
(pdftex.def)             Requested size: 69.13974pt x 27.00523pt.
File: graphics/TIB_Wort_Bildmarke_RGB.pdf Graphic file (type pdf)

<use graphics/TIB_Wort_Bildmarke_RGB.pdf>
Package pdftex.def Info: graphics/TIB_Wort_Bildmarke_RGB.pdf used on input line
 154.
(pdftex.def)             Requested size: 61.45306pt x 40.68019pt.
 [16

 <./graphics/dblp.png>]
File: graphics/dblp.png Graphic file (type png)

<use graphics/dblp.png>
Package pdftex.def Info: graphics/dblp.png used on input line 154.
(pdftex.def)             Requested size: 69.13974pt x 27.00523pt.
File: graphics/TIB_Wort_Bildmarke_RGB.pdf Graphic file (type pdf)
 <use graphics/TIB_Wort_Bildmarke_RGB.pdf>
Package pdftex.def Info: graphics/TIB_Wort_Bildmarke_RGB.pdf used on input line
 154.
(pdftex.def)             Requested size: 61.45306pt x 40.68019pt.
 [17

]
File: graphics/dblp.png Graphic file (type png)

<use graphics/dblp.png>
Package pdftex.def Info: graphics/dblp.png used on input line 154.
(pdftex.def)             Requested size: 69.13974pt x 27.00523pt.
File: graphics/TIB_Wort_Bildmarke_RGB.pdf Graphic file (type pdf)
 <use graphics/TIB_Wort_Bildmarke_RGB.pdf>
Package pdftex.def Info: graphics/TIB_Wort_Bildmarke_RGB.pdf used on input line
 154.
(pdftex.def)             Requested size: 61.45306pt x 40.68019pt.
 [18

]
File: graphics/dblp.png Graphic file (type png)

<use graphics/dblp.png>
Package pdftex.def Info: graphics/dblp.png used on input line 154.
(pdftex.def)             Requested size: 69.13974pt x 27.00523pt.
File: graphics/TIB_Wort_Bildmarke_RGB.pdf Graphic file (type pdf)
 <use graphics/TIB_Wort_Bildmarke_RGB.pdf>
Package pdftex.def Info: graphics/TIB_Wort_Bildmarke_RGB.pdf used on input line
 154.
(pdftex.def)             Requested size: 61.45306pt x 40.68019pt.
 [19

]
File: graphics/dblp.png Graphic file (type png)

<use graphics/dblp.png>
Package pdftex.def Info: graphics/dblp.png used on input line 154.
(pdftex.def)             Requested size: 69.13974pt x 27.00523pt.
File: graphics/TIB_Wort_Bildmarke_RGB.pdf Graphic file (type pdf)
 <use graphics/TIB_Wort_Bildmarke_RGB.pdf>
Package pdftex.def Info: graphics/TIB_Wort_Bildmarke_RGB.pdf used on input line
 154.
(pdftex.def)             Requested size: 61.45306pt x 40.68019pt.
 [20

]
<graphics/acmdl.jpg, id=203, 774.895pt x 191.71625pt>
File: graphics/acmdl.jpg Graphic file (type jpg)
 <use graphics/acmdl.jpg>
Package pdftex.def Info: graphics/acmdl.jpg used on input line 176.
(pdftex.def)             Requested size: 69.13974pt x 17.10452pt.
File: graphics/TIB_Wort_Bildmarke_RGB.pdf Graphic file (type pdf)

<use graphics/TIB_Wort_Bildmarke_RGB.pdf>
Package pdftex.def Info: graphics/TIB_Wort_Bildmarke_RGB.pdf used on input line
 176.
(pdftex.def)             Requested size: 61.45306pt x 40.68019pt.
 [21

 <./graphics/acmdl.jpg>]
File: graphics/acmdl.jpg Graphic file (type jpg)

<use graphics/acmdl.jpg>
Package pdftex.def Info: graphics/acmdl.jpg used on input line 176.
(pdftex.def)             Requested size: 69.13974pt x 17.10452pt.
File: graphics/TIB_Wort_Bildmarke_RGB.pdf Graphic file (type pdf)
 <use graphics/TIB_Wort_Bildmarke_RGB.pdf>
Package pdftex.def Info: graphics/TIB_Wort_Bildmarke_RGB.pdf used on input line
 176.
(pdftex.def)             Requested size: 61.45306pt x 40.68019pt.
 [22

]
File: graphics/acmdl.jpg Graphic file (type jpg)

<use graphics/acmdl.jpg>
Package pdftex.def Info: graphics/acmdl.jpg used on input line 176.
(pdftex.def)             Requested size: 69.13974pt x 17.10452pt.
File: graphics/TIB_Wort_Bildmarke_RGB.pdf Graphic file (type pdf)
 <use graphics/TIB_Wort_Bildmarke_RGB.pdf>
Package pdftex.def Info: graphics/TIB_Wort_Bildmarke_RGB.pdf used on input line
 176.
(pdftex.def)             Requested size: 61.45306pt x 40.68019pt.
 [23

]
File: graphics/acmdl.jpg Graphic file (type jpg)

<use graphics/acmdl.jpg>
Package pdftex.def Info: graphics/acmdl.jpg used on input line 176.
(pdftex.def)             Requested size: 69.13974pt x 17.10452pt.
File: graphics/TIB_Wort_Bildmarke_RGB.pdf Graphic file (type pdf)
 <use graphics/TIB_Wort_Bildmarke_RGB.pdf>
Package pdftex.def Info: graphics/TIB_Wort_Bildmarke_RGB.pdf used on input line
 176.
(pdftex.def)             Requested size: 61.45306pt x 40.68019pt.
 [24

]
<graphics/IEEEXplore.png, id=228, 521.147pt x 236.082pt>
File: graphics/IEEEXplore.png Graphic file (type png)

<use graphics/IEEEXplore.png>
Package pdftex.def Info: graphics/IEEEXplore.png used on input line 197.
(pdftex.def)             Requested size: 69.13974pt x 31.31853pt.
File: graphics/TIB_Wort_Bildmarke_RGB.pdf Graphic file (type pdf)
 <use graphics/TIB_Wort_Bildmarke_RGB.pdf>
Package pdftex.def Info: graphics/TIB_Wort_Bildmarke_RGB.pdf used on input line
 197.
(pdftex.def)             Requested size: 61.45306pt x 40.68019pt.

[25

 <./graphics/IEEEXplore.png>]
File: graphics/IEEEXplore.png Graphic file (type png)
 <use graphics/IEEEXplore.png>
Package pdftex.def Info: graphics/IEEEXplore.png used on input line 197.
(pdftex.def)             Requested size: 69.13974pt x 31.31853pt.
File: graphics/TIB_Wort_Bildmarke_RGB.pdf Graphic file (type pdf)

<use graphics/TIB_Wort_Bildmarke_RGB.pdf>
Package pdftex.def Info: graphics/TIB_Wort_Bildmarke_RGB.pdf used on input line
 197.
(pdftex.def)             Requested size: 61.45306pt x 40.68019pt.
 [26

]
File: graphics/IEEEXplore.png Graphic file (type png)
 <use graphics/IEEEXplore.png>
Package pdftex.def Info: graphics/IEEEXplore.png used on input line 197.
(pdftex.def)             Requested size: 69.13974pt x 31.31853pt.
File: graphics/TIB_Wort_Bildmarke_RGB.pdf Graphic file (type pdf)

<use graphics/TIB_Wort_Bildmarke_RGB.pdf>
Package pdftex.def Info: graphics/TIB_Wort_Bildmarke_RGB.pdf used on input line
 197.
(pdftex.def)             Requested size: 61.45306pt x 40.68019pt.
 [27

]
<graphics/informatik_analysis.png, id=249, 1003.75pt x 552.0625pt>
File: graphics/informatik_analysis.png Graphic file (type png)

<use graphics/informatik_analysis.png>
Package pdftex.def Info: graphics/informatik_analysis.png used on input line 20
6.
(pdftex.def)             Requested size: 276.559pt x 152.10828pt.
File: graphics/TIB_Wort_Bildmarke_RGB.pdf Graphic file (type pdf)

<use graphics/TIB_Wort_Bildmarke_RGB.pdf>
Package pdftex.def Info: graphics/TIB_Wort_Bildmarke_RGB.pdf used on input line
 206.
(pdftex.def)             Requested size: 61.45306pt x 40.68019pt.
 [28

 <./graphics/informatik_analysis.png>] <graphics/informatik_writing.png, id=256
, 1000.73875pt x 242.9075pt>
File: graphics/informatik_writing.png Graphic file (type png)

<use graphics/informatik_writing.png>
Package pdftex.def Info: graphics/informatik_writing.png used on input line 215
.
(pdftex.def)             Requested size: 245.83282pt x 59.67038pt.
File: graphics/TIB_Wort_Bildmarke_RGB.pdf Graphic file (type pdf)

<use graphics/TIB_Wort_Bildmarke_RGB.pdf>
Package pdftex.def Info: graphics/TIB_Wort_Bildmarke_RGB.pdf used on input line
 215.
(pdftex.def)             Requested size: 61.45306pt x 40.68019pt.
 [29

 <./graphics/informatik_writing.png (PNG copy)>] <graphics/OA.jpg, id=263, 3100
.58376pt x 1119.18124pt>
File: graphics/OA.jpg Graphic file (type jpg)

<use graphics/OA.jpg>
Package pdftex.def Info: graphics/OA.jpg used on input line 237.
(pdftex.def)             Requested size: 69.13974pt x 24.94994pt.
File: graphics/TIB_Wort_Bildmarke_RGB.pdf Graphic file (type pdf)
 <use graphics/TIB_Wort_Bildmarke_RGB.pdf>
Package pdftex.def Info: graphics/TIB_Wort_Bildmarke_RGB.pdf used on input line
 237.
(pdftex.def)             Requested size: 61.45306pt x 40.68019pt.
 [30

 <./graphics/OA.jpg>]
File: graphics/OA.jpg Graphic file (type jpg)
 <use graphics/OA.jpg>
Package pdftex.def Info: graphics/OA.jpg used on input line 237.
(pdftex.def)             Requested size: 69.13974pt x 24.94994pt.
File: graphics/TIB_Wort_Bildmarke_RGB.pdf Graphic file (type pdf)
 <use graphics/TIB_Wort_Bildmarke_RGB.pdf>
Package pdftex.def Info: graphics/TIB_Wort_Bildmarke_RGB.pdf used on input line
 237.
(pdftex.def)             Requested size: 61.45306pt x 40.68019pt.

[31

]
File: graphics/OA.jpg Graphic file (type jpg)
 <use graphics/OA.jpg>
Package pdftex.def Info: graphics/OA.jpg used on input line 237.
(pdftex.def)             Requested size: 69.13974pt x 24.94994pt.
File: graphics/TIB_Wort_Bildmarke_RGB.pdf Graphic file (type pdf)
 <use graphics/TIB_Wort_Bildmarke_RGB.pdf>
Package pdftex.def Info: graphics/TIB_Wort_Bildmarke_RGB.pdf used on input line
 237.
(pdftex.def)             Requested size: 61.45306pt x 40.68019pt.
 [32

]
File: graphics/OA.jpg Graphic file (type jpg)

<use graphics/OA.jpg>
Package pdftex.def Info: graphics/OA.jpg used on input line 237.
(pdftex.def)             Requested size: 69.13974pt x 24.94994pt.
File: graphics/TIB_Wort_Bildmarke_RGB.pdf Graphic file (type pdf)
 <use graphics/TIB_Wort_Bildmarke_RGB.pdf>
Package pdftex.def Info: graphics/TIB_Wort_Bildmarke_RGB.pdf used on input line
 237.
(pdftex.def)             Requested size: 61.45306pt x 40.68019pt.
 [33

]
<graphics/SocialMedia.jpeg, id=289, 749.04843pt x 799.48688pt>
File: graphics/SocialMedia.jpeg Graphic file (type jpg)

<use graphics/SocialMedia.jpeg>
Package pdftex.def Info: graphics/SocialMedia.jpeg used on input line 260.
(pdftex.def)             Requested size: 107.85782pt x 115.11137pt.
File: graphics/TIB_Wort_Bildmarke_RGB.pdf Graphic file (type pdf)
 <use graphics/TIB_Wort_Bildmarke_RGB.pdf>
Package pdftex.def Info: graphics/TIB_Wort_Bildmarke_RGB.pdf used on input line
 260.
(pdftex.def)             Requested size: 61.45306pt x 40.68019pt.

[34

 <./graphics/SocialMedia.jpeg>]
File: graphics/SocialMedia.jpeg Graphic file (type jpg)
 <use graphics/SocialMedia.jpeg>
Package pdftex.def Info: graphics/SocialMedia.jpeg used on input line 260.
(pdftex.def)             Requested size: 107.85782pt x 115.11137pt.
File: graphics/TIB_Wort_Bildmarke_RGB.pdf Graphic file (type pdf)

<use graphics/TIB_Wort_Bildmarke_RGB.pdf>
Package pdftex.def Info: graphics/TIB_Wort_Bildmarke_RGB.pdf used on input line
 260.
(pdftex.def)             Requested size: 61.45306pt x 40.68019pt.
 [35

]
File: graphics/SocialMedia.jpeg Graphic file (type jpg)
 <use graphics/SocialMedia.jpeg>
Package pdftex.def Info: graphics/SocialMedia.jpeg used on input line 260.
(pdftex.def)             Requested size: 107.85782pt x 115.11137pt.
File: graphics/TIB_Wort_Bildmarke_RGB.pdf Graphic file (type pdf)

<use graphics/TIB_Wort_Bildmarke_RGB.pdf>
Package pdftex.def Info: graphics/TIB_Wort_Bildmarke_RGB.pdf used on input line
 260.
(pdftex.def)             Requested size: 61.45306pt x 40.68019pt.
 [36

]
File: graphics/SocialMedia.jpeg Graphic file (type jpg)
 <use graphics/SocialMedia.jpeg>
Package pdftex.def Info: graphics/SocialMedia.jpeg used on input line 260.
(pdftex.def)             Requested size: 107.85782pt x 115.11137pt.
File: graphics/TIB_Wort_Bildmarke_RGB.pdf Graphic file (type pdf)

<use graphics/TIB_Wort_Bildmarke_RGB.pdf>
Package pdftex.def Info: graphics/TIB_Wort_Bildmarke_RGB.pdf used on input line
 260.
(pdftex.def)             Requested size: 61.45306pt x 40.68019pt.
 [37

]
<graphics/hindex.png, id=319, 301.125pt x 219.82124pt>
File: graphics/hindex.png Graphic file (type png)

<use graphics/hindex.png>
Package pdftex.def Info: graphics/hindex.png used on input line 284.
(pdftex.def)             Requested size: 107.85782pt x 78.73642pt.
File: graphics/TIB_Wort_Bildmarke_RGB.pdf Graphic file (type pdf)
 <use graphics/TIB_Wort_Bildmarke_RGB.pdf>
Package pdftex.def Info: graphics/TIB_Wort_Bildmarke_RGB.pdf used on input line
 284.
(pdftex.def)             Requested size: 61.45306pt x 40.68019pt.
 [38

 <./graphics/hindex.png>]
File: graphics/hindex.png Graphic file (type png)
 <use graphics/hindex.png>
Package pdftex.def Info: graphics/hindex.png used on input line 284.
(pdftex.def)             Requested size: 107.85782pt x 78.73642pt.
File: graphics/TIB_Wort_Bildmarke_RGB.pdf Graphic file (type pdf)

<use graphics/TIB_Wort_Bildmarke_RGB.pdf>
Package pdftex.def Info: graphics/TIB_Wort_Bildmarke_RGB.pdf used on input line
 284.
(pdftex.def)             Requested size: 61.45306pt x 40.68019pt.
 [39

]
File: graphics/hindex.png Graphic file (type png)
 <use graphics/hindex.png>
Package pdftex.def Info: graphics/hindex.png used on input line 284.
(pdftex.def)             Requested size: 107.85782pt x 78.73642pt.
File: graphics/TIB_Wort_Bildmarke_RGB.pdf Graphic file (type pdf)

<use graphics/TIB_Wort_Bildmarke_RGB.pdf>
Package pdftex.def Info: graphics/TIB_Wort_Bildmarke_RGB.pdf used on input line
 284.
(pdftex.def)             Requested size: 61.45306pt x 40.68019pt.
 [40

]
File: graphics/hindex.png Graphic file (type png)
 <use graphics/hindex.png>
Package pdftex.def Info: graphics/hindex.png used on input line 284.
(pdftex.def)             Requested size: 107.85782pt x 78.73642pt.
File: graphics/TIB_Wort_Bildmarke_RGB.pdf Graphic file (type pdf)

<use graphics/TIB_Wort_Bildmarke_RGB.pdf>
Package pdftex.def Info: graphics/TIB_Wort_Bildmarke_RGB.pdf used on input line
 284.
(pdftex.def)             Requested size: 61.45306pt x 40.68019pt.
 [41

]
File: graphics/hindex.png Graphic file (type png)
 <use graphics/hindex.png>
Package pdftex.def Info: graphics/hindex.png used on input line 284.
(pdftex.def)             Requested size: 107.85782pt x 78.73642pt.
File: graphics/TIB_Wort_Bildmarke_RGB.pdf Graphic file (type pdf)

<use graphics/TIB_Wort_Bildmarke_RGB.pdf>
Package pdftex.def Info: graphics/TIB_Wort_Bildmarke_RGB.pdf used on input line
 284.
(pdftex.def)             Requested size: 61.45306pt x 40.68019pt.
 [42

]
File: graphics/TIB_Wort_Bildmarke_RGB.pdf Graphic file (type pdf)

<use graphics/TIB_Wort_Bildmarke_RGB.pdf>
Package pdftex.def Info: graphics/TIB_Wort_Bildmarke_RGB.pdf used on input line
 288.
(pdftex.def)             Requested size: 61.45306pt x 40.68019pt.
 [43

]
<graphics/mathematik_discover.png, id=362, 952.55875pt x 463.7325pt>
File: graphics/mathematik_discover.png Graphic file (type png)

<use graphics/mathematik_discover.png>
Package pdftex.def Info: graphics/mathematik_discover.png used on input line 29
7.
(pdftex.def)             Requested size: 276.559pt x 134.63464pt.
File: graphics/TIB_Wort_Bildmarke_RGB.pdf Graphic file (type pdf)

<use graphics/TIB_Wort_Bildmarke_RGB.pdf>
Package pdftex.def Info: graphics/TIB_Wort_Bildmarke_RGB.pdf used on input line
 297.
(pdftex.def)             Requested size: 61.45306pt x 40.68019pt.
 [44

 <./graphics/mathematik_discover.png (PNG copy)>]
File: graphics/GoogleScholarLogo.jpg Graphic file (type jpg)
 <use graphics/GoogleScholarLogo.jpg>
Package pdftex.def Info: graphics/GoogleScholarLogo.jpg used on input line 319.

(pdftex.def)             Requested size: 69.13974pt x 29.9602pt.
File: graphics/TIB_Wort_Bildmarke_RGB.pdf Graphic file (type pdf)

<use graphics/TIB_Wort_Bildmarke_RGB.pdf>
Package pdftex.def Info: graphics/TIB_Wort_Bildmarke_RGB.pdf used on input line
 319.
(pdftex.def)             Requested size: 61.45306pt x 40.68019pt.
 [45

]
File: graphics/GoogleScholarLogo.jpg Graphic file (type jpg)

<use graphics/GoogleScholarLogo.jpg>
Package pdftex.def Info: graphics/GoogleScholarLogo.jpg used on input line 319.

(pdftex.def)             Requested size: 69.13974pt x 29.9602pt.
File: graphics/TIB_Wort_Bildmarke_RGB.pdf Graphic file (type pdf)
 <use graphics/TIB_Wort_Bildmarke_RGB.pdf>
Package pdftex.def Info: graphics/TIB_Wort_Bildmarke_RGB.pdf used on input line
 319.
(pdftex.def)             Requested size: 61.45306pt x 40.68019pt.

[46

]
File: graphics/GoogleScholarLogo.jpg Graphic file (type jpg)
 <use graphics/GoogleScholarLogo.jpg>
Package pdftex.def Info: graphics/GoogleScholarLogo.jpg used on input line 319.

(pdftex.def)             Requested size: 69.13974pt x 29.9602pt.
File: graphics/TIB_Wort_Bildmarke_RGB.pdf Graphic file (type pdf)

<use graphics/TIB_Wort_Bildmarke_RGB.pdf>
Package pdftex.def Info: graphics/TIB_Wort_Bildmarke_RGB.pdf used on input line
 319.
(pdftex.def)             Requested size: 61.45306pt x 40.68019pt.
 [47

]
File: graphics/GoogleScholarLogo.jpg Graphic file (type jpg)

<use graphics/GoogleScholarLogo.jpg>
Package pdftex.def Info: graphics/GoogleScholarLogo.jpg used on input line 319.

(pdftex.def)             Requested size: 69.13974pt x 29.9602pt.
File: graphics/TIB_Wort_Bildmarke_RGB.pdf Graphic file (type pdf)
 <use graphics/TIB_Wort_Bildmarke_RGB.pdf>
Package pdftex.def Info: graphics/TIB_Wort_Bildmarke_RGB.pdf used on input line
 319.
(pdftex.def)             Requested size: 61.45306pt x 40.68019pt.

[48

]
File: graphics/Arxiv.png Graphic file (type png)
 <use graphics/Arxiv.png>
Package pdftex.def Info: graphics/Arxiv.png used on input line 341.
(pdftex.def)             Requested size: 69.13974pt x 32.43077pt.
File: graphics/TIB_Wort_Bildmarke_RGB.pdf Graphic file (type pdf)
 <use graphics/TIB_Wort_Bildmarke_RGB.pdf>
Package pdftex.def Info: graphics/TIB_Wort_Bildmarke_RGB.pdf used on input line
 341.
(pdftex.def)             Requested size: 61.45306pt x 40.68019pt.

[49

]
File: graphics/Arxiv.png Graphic file (type png)
 <use graphics/Arxiv.png>
Package pdftex.def Info: graphics/Arxiv.png used on input line 341.
(pdftex.def)             Requested size: 69.13974pt x 32.43077pt.
File: graphics/TIB_Wort_Bildmarke_RGB.pdf Graphic file (type pdf)
 <use graphics/TIB_Wort_Bildmarke_RGB.pdf>
Package pdftex.def Info: graphics/TIB_Wort_Bildmarke_RGB.pdf used on input line
 341.
(pdftex.def)             Requested size: 61.45306pt x 40.68019pt.

[50

]
File: graphics/Arxiv.png Graphic file (type png)
 <use graphics/Arxiv.png>
Package pdftex.def Info: graphics/Arxiv.png used on input line 341.
(pdftex.def)             Requested size: 69.13974pt x 32.43077pt.
File: graphics/TIB_Wort_Bildmarke_RGB.pdf Graphic file (type pdf)
 <use graphics/TIB_Wort_Bildmarke_RGB.pdf>
Package pdftex.def Info: graphics/TIB_Wort_Bildmarke_RGB.pdf used on input line
 341.
(pdftex.def)             Requested size: 61.45306pt x 40.68019pt.

[51

]
File: graphics/Arxiv.png Graphic file (type png)
 <use graphics/Arxiv.png>
Package pdftex.def Info: graphics/Arxiv.png used on input line 341.
(pdftex.def)             Requested size: 69.13974pt x 32.43077pt.
File: graphics/TIB_Wort_Bildmarke_RGB.pdf Graphic file (type pdf)
 <use graphics/TIB_Wort_Bildmarke_RGB.pdf>
Package pdftex.def Info: graphics/TIB_Wort_Bildmarke_RGB.pdf used on input line
 341.
(pdftex.def)             Requested size: 61.45306pt x 40.68019pt.

[52

] <graphics/zbmath_logo.png, id=418, 1003.75pt x 276.03125pt>
File: graphics/zbmath_logo.png Graphic file (type png)

<use graphics/zbmath_logo.png>
Package pdftex.def Info: graphics/zbmath_logo.png used on input line 364.
(pdftex.def)             Requested size: 69.13974pt x 19.01247pt.
File: graphics/TIB_Wort_Bildmarke_RGB.pdf Graphic file (type pdf)
 <use graphics/TIB_Wort_Bildmarke_RGB.pdf>
Package pdftex.def Info: graphics/TIB_Wort_Bildmarke_RGB.pdf used on input line
 364.
(pdftex.def)             Requested size: 61.45306pt x 40.68019pt.

[53

 <./graphics/zbmath_logo.png>]
File: graphics/zbmath_logo.png Graphic file (type png)
 <use graphics/zbmath_logo.png>
Package pdftex.def Info: graphics/zbmath_logo.png used on input line 364.
(pdftex.def)             Requested size: 69.13974pt x 19.01247pt.
File: graphics/TIB_Wort_Bildmarke_RGB.pdf Graphic file (type pdf)

<use graphics/TIB_Wort_Bildmarke_RGB.pdf>
Package pdftex.def Info: graphics/TIB_Wort_Bildmarke_RGB.pdf used on input line
 364.
(pdftex.def)             Requested size: 61.45306pt x 40.68019pt.
 [54

]
File: graphics/zbmath_logo.png Graphic file (type png)
 <use graphics/zbmath_logo.png>
Package pdftex.def Info: graphics/zbmath_logo.png used on input line 364.
(pdftex.def)             Requested size: 69.13974pt x 19.01247pt.
File: graphics/TIB_Wort_Bildmarke_RGB.pdf Graphic file (type pdf)

<use graphics/TIB_Wort_Bildmarke_RGB.pdf>
Package pdftex.def Info: graphics/TIB_Wort_Bildmarke_RGB.pdf used on input line
 364.
(pdftex.def)             Requested size: 61.45306pt x 40.68019pt.
 [55

]
File: graphics/zbmath_logo.png Graphic file (type png)
 <use graphics/zbmath_logo.png>
Package pdftex.def Info: graphics/zbmath_logo.png used on input line 364.
(pdftex.def)             Requested size: 69.13974pt x 19.01247pt.
File: graphics/TIB_Wort_Bildmarke_RGB.pdf Graphic file (type pdf)

<use graphics/TIB_Wort_Bildmarke_RGB.pdf>
Package pdftex.def Info: graphics/TIB_Wort_Bildmarke_RGB.pdf used on input line
 364.
(pdftex.def)             Requested size: 61.45306pt x 40.68019pt.
 [56

]
File: graphics/zbmath_logo.png Graphic file (type png)
 <use graphics/zbmath_logo.png>
Package pdftex.def Info: graphics/zbmath_logo.png used on input line 364.
(pdftex.def)             Requested size: 69.13974pt x 19.01247pt.
File: graphics/TIB_Wort_Bildmarke_RGB.pdf Graphic file (type pdf)

<use graphics/TIB_Wort_Bildmarke_RGB.pdf>
Package pdftex.def Info: graphics/TIB_Wort_Bildmarke_RGB.pdf used on input line
 364.
(pdftex.def)             Requested size: 61.45306pt x 40.68019pt.
 [57

]
<graphics/mathscinet-logo.jpg, id=451, 2612.76125pt x 821.0675pt>
File: graphics/mathscinet-logo.jpg Graphic file (type jpg)

<use graphics/mathscinet-logo.jpg>
Package pdftex.def Info: graphics/mathscinet-logo.jpg used on input line 386.
(pdftex.def)             Requested size: 69.13974pt x 21.72435pt.
File: graphics/TIB_Wort_Bildmarke_RGB.pdf Graphic file (type pdf)
 <use graphics/TIB_Wort_Bildmarke_RGB.pdf>
Package pdftex.def Info: graphics/TIB_Wort_Bildmarke_RGB.pdf used on input line
 386.
(pdftex.def)             Requested size: 61.45306pt x 40.68019pt.

[58

 <./graphics/mathscinet-logo.jpg>]
File: graphics/mathscinet-logo.jpg Graphic file (type jpg)
 <use graphics/mathscinet-logo.jpg>
Package pdftex.def Info: graphics/mathscinet-logo.jpg used on input line 386.
(pdftex.def)             Requested size: 69.13974pt x 21.72435pt.
File: graphics/TIB_Wort_Bildmarke_RGB.pdf Graphic file (type pdf)

<use graphics/TIB_Wort_Bildmarke_RGB.pdf>
Package pdftex.def Info: graphics/TIB_Wort_Bildmarke_RGB.pdf used on input line
 386.
(pdftex.def)             Requested size: 61.45306pt x 40.68019pt.
 [59

]
File: graphics/mathscinet-logo.jpg Graphic file (type jpg)

<use graphics/mathscinet-logo.jpg>
Package pdftex.def Info: graphics/mathscinet-logo.jpg used on input line 386.
(pdftex.def)             Requested size: 69.13974pt x 21.72435pt.
File: graphics/TIB_Wort_Bildmarke_RGB.pdf Graphic file (type pdf)
 <use graphics/TIB_Wort_Bildmarke_RGB.pdf>
Package pdftex.def Info: graphics/TIB_Wort_Bildmarke_RGB.pdf used on input line
 386.
(pdftex.def)             Requested size: 61.45306pt x 40.68019pt.

[60

]
File: graphics/mathscinet-logo.jpg Graphic file (type jpg)
 <use graphics/mathscinet-logo.jpg>
Package pdftex.def Info: graphics/mathscinet-logo.jpg used on input line 386.
(pdftex.def)             Requested size: 69.13974pt x 21.72435pt.
File: graphics/TIB_Wort_Bildmarke_RGB.pdf Graphic file (type pdf)

<use graphics/TIB_Wort_Bildmarke_RGB.pdf>
Package pdftex.def Info: graphics/TIB_Wort_Bildmarke_RGB.pdf used on input line
 386.
(pdftex.def)             Requested size: 61.45306pt x 40.68019pt.
 [61

]
<graphics/wolframalpha-logo.png, id=478, 1027.84pt x 185.69376pt>
File: graphics/wolframalpha-logo.png Graphic file (type png)

<use graphics/wolframalpha-logo.png>
Package pdftex.def Info: graphics/wolframalpha-logo.png used on input line 409.

(pdftex.def)             Requested size: 69.13974pt x 12.48987pt.
File: graphics/TIB_Wort_Bildmarke_RGB.pdf Graphic file (type pdf)
 <use graphics/TIB_Wort_Bildmarke_RGB.pdf>
Package pdftex.def Info: graphics/TIB_Wort_Bildmarke_RGB.pdf used on input line
 409.
(pdftex.def)             Requested size: 61.45306pt x 40.68019pt.

[62

 <./graphics/wolframalpha-logo.png>]
File: graphics/wolframalpha-logo.png Graphic file (type png)
 <use graphics/wolframalpha-logo.png>
Package pdftex.def Info: graphics/wolframalpha-logo.png used on input line 409.

(pdftex.def)             Requested size: 69.13974pt x 12.48987pt.
File: graphics/TIB_Wort_Bildmarke_RGB.pdf Graphic file (type pdf)

<use graphics/TIB_Wort_Bildmarke_RGB.pdf>
Package pdftex.def Info: graphics/TIB_Wort_Bildmarke_RGB.pdf used on input line
 409.
(pdftex.def)             Requested size: 61.45306pt x 40.68019pt.
 [63

]
File: graphics/wolframalpha-logo.png Graphic file (type png)

<use graphics/wolframalpha-logo.png>
Package pdftex.def Info: graphics/wolframalpha-logo.png used on input line 409.

(pdftex.def)             Requested size: 69.13974pt x 12.48987pt.
File: graphics/TIB_Wort_Bildmarke_RGB.pdf Graphic file (type pdf)
 <use graphics/TIB_Wort_Bildmarke_RGB.pdf>
Package pdftex.def Info: graphics/TIB_Wort_Bildmarke_RGB.pdf used on input line
 409.
(pdftex.def)             Requested size: 61.45306pt x 40.68019pt.

[64

]
File: graphics/wolframalpha-logo.png Graphic file (type png)
 <use graphics/wolframalpha-logo.png>
Package pdftex.def Info: graphics/wolframalpha-logo.png used on input line 409.

(pdftex.def)             Requested size: 69.13974pt x 12.48987pt.
File: graphics/TIB_Wort_Bildmarke_RGB.pdf Graphic file (type pdf)

<use graphics/TIB_Wort_Bildmarke_RGB.pdf>
Package pdftex.def Info: graphics/TIB_Wort_Bildmarke_RGB.pdf used on input line
 409.
(pdftex.def)             Requested size: 61.45306pt x 40.68019pt.
 [65

]
File: graphics/wolframalpha-logo.png Graphic file (type png)

<use graphics/wolframalpha-logo.png>
Package pdftex.def Info: graphics/wolframalpha-logo.png used on input line 409.

(pdftex.def)             Requested size: 69.13974pt x 12.48987pt.
File: graphics/TIB_Wort_Bildmarke_RGB.pdf Graphic file (type pdf)
 <use graphics/TIB_Wort_Bildmarke_RGB.pdf>
Package pdftex.def Info: graphics/TIB_Wort_Bildmarke_RGB.pdf used on input line
 409.
(pdftex.def)             Requested size: 61.45306pt x 40.68019pt.

[66

] <graphics/mathematik_analysis.png, id=514, 1003.75pt x 552.0625pt>
File: graphics/mathematik_analysis.png Graphic file (type png)

<use graphics/mathematik_analysis.png>
Package pdftex.def Info: graphics/mathematik_analysis.png used on input line 41
8.
(pdftex.def)             Requested size: 276.559pt x 152.10828pt.
File: graphics/TIB_Wort_Bildmarke_RGB.pdf Graphic file (type pdf)

<use graphics/TIB_Wort_Bildmarke_RGB.pdf>
Package pdftex.def Info: graphics/TIB_Wort_Bildmarke_RGB.pdf used on input line
 418.
(pdftex.def)             Requested size: 61.45306pt x 40.68019pt.
 [67

 <./graphics/mathematik_analysis.png>] <graphics/mathematik_writing.png, id=522
, 796.9775pt x 182.6825pt>
File: graphics/mathematik_writing.png Graphic file (type png)

<use graphics/mathematik_writing.png>
Package pdftex.def Info: graphics/mathematik_writing.png used on input line 427
.
(pdftex.def)             Requested size: 245.83282pt x 56.34944pt.
File: graphics/TIB_Wort_Bildmarke_RGB.pdf Graphic file (type pdf)

<use graphics/TIB_Wort_Bildmarke_RGB.pdf>
Package pdftex.def Info: graphics/TIB_Wort_Bildmarke_RGB.pdf used on input line
 427.
(pdftex.def)             Requested size: 61.45306pt x 40.68019pt.
 [68

 <./graphics/mathematik_writing.png (PNG copy)>]
File: graphics/OA.jpg Graphic file (type jpg)
 <use graphics/OA.jpg>
Package pdftex.def Info: graphics/OA.jpg used on input line 448.
(pdftex.def)             Requested size: 69.13974pt x 24.94994pt.
File: graphics/TIB_Wort_Bildmarke_RGB.pdf Graphic file (type pdf)
 <use graphics/TIB_Wort_Bildmarke_RGB.pdf>
Package pdftex.def Info: graphics/TIB_Wort_Bildmarke_RGB.pdf used on input line
 448.
(pdftex.def)             Requested size: 61.45306pt x 40.68019pt.

[69

]
File: graphics/OA.jpg Graphic file (type jpg)
 <use graphics/OA.jpg>
Package pdftex.def Info: graphics/OA.jpg used on input line 448.
(pdftex.def)             Requested size: 69.13974pt x 24.94994pt.
File: graphics/TIB_Wort_Bildmarke_RGB.pdf Graphic file (type pdf)
 <use graphics/TIB_Wort_Bildmarke_RGB.pdf>
Package pdftex.def Info: graphics/TIB_Wort_Bildmarke_RGB.pdf used on input line
 448.
(pdftex.def)             Requested size: 61.45306pt x 40.68019pt.
 [70

]
File: graphics/OA.jpg Graphic file (type jpg)

<use graphics/OA.jpg>
Package pdftex.def Info: graphics/OA.jpg used on input line 448.
(pdftex.def)             Requested size: 69.13974pt x 24.94994pt.
File: graphics/TIB_Wort_Bildmarke_RGB.pdf Graphic file (type pdf)
 <use graphics/TIB_Wort_Bildmarke_RGB.pdf>
Package pdftex.def Info: graphics/TIB_Wort_Bildmarke_RGB.pdf used on input line
 448.
(pdftex.def)             Requested size: 61.45306pt x 40.68019pt.
 [71

]
File: graphics/SocialMedia.jpeg Graphic file (type jpg)

<use graphics/SocialMedia.jpeg>
Package pdftex.def Info: graphics/SocialMedia.jpeg used on input line 470.
(pdftex.def)             Requested size: 107.85782pt x 115.11137pt.
File: graphics/TIB_Wort_Bildmarke_RGB.pdf Graphic file (type pdf)
 <use graphics/TIB_Wort_Bildmarke_RGB.pdf>
Package pdftex.def Info: graphics/TIB_Wort_Bildmarke_RGB.pdf used on input line
 470.
(pdftex.def)             Requested size: 61.45306pt x 40.68019pt.

[72

]
File: graphics/SocialMedia.jpeg Graphic file (type jpg)
 <use graphics/SocialMedia.jpeg>
Package pdftex.def Info: graphics/SocialMedia.jpeg used on input line 470.
(pdftex.def)             Requested size: 107.85782pt x 115.11137pt.
File: graphics/TIB_Wort_Bildmarke_RGB.pdf Graphic file (type pdf)
 <use graphics/TIB_Wort_Bildmarke_RGB.pdf>
Package pdftex.def Info: graphics/TIB_Wort_Bildmarke_RGB.pdf used on input line
 470.
(pdftex.def)             Requested size: 61.45306pt x 40.68019pt.

[73

]
File: graphics/SocialMedia.jpeg Graphic file (type jpg)
 <use graphics/SocialMedia.jpeg>
Package pdftex.def Info: graphics/SocialMedia.jpeg used on input line 470.
(pdftex.def)             Requested size: 107.85782pt x 115.11137pt.
File: graphics/TIB_Wort_Bildmarke_RGB.pdf Graphic file (type pdf)
 <use graphics/TIB_Wort_Bildmarke_RGB.pdf>
Package pdftex.def Info: graphics/TIB_Wort_Bildmarke_RGB.pdf used on input line
 470.
(pdftex.def)             Requested size: 61.45306pt x 40.68019pt.

[74

] <graphics/2014_impact_factor.png, id=570, 677.53125pt x 677.53125pt>
File: graphics/2014_impact_factor.png Graphic file (type png)

<use graphics/2014_impact_factor.png>
Package pdftex.def Info: graphics/2014_impact_factor.png used on input line 492
.
(pdftex.def)             Requested size: 80.20024pt x 80.19405pt.
File: graphics/TIB_Wort_Bildmarke_RGB.pdf Graphic file (type pdf)

<use graphics/TIB_Wort_Bildmarke_RGB.pdf>
Package pdftex.def Info: graphics/TIB_Wort_Bildmarke_RGB.pdf used on input line
 492.
(pdftex.def)             Requested size: 61.45306pt x 40.68019pt.
 [75

 <./graphics/2014_impact_factor.png>]
File: graphics/2014_impact_factor.png Graphic file (type png)
 <use graphics/2014_impact_factor.png>
Package pdftex.def Info: graphics/2014_impact_factor.png used on input line 492
.
(pdftex.def)             Requested size: 80.20024pt x 80.19405pt.
File: graphics/TIB_Wort_Bildmarke_RGB.pdf Graphic file (type pdf)

<use graphics/TIB_Wort_Bildmarke_RGB.pdf>
Package pdftex.def Info: graphics/TIB_Wort_Bildmarke_RGB.pdf used on input line
 492.
(pdftex.def)             Requested size: 61.45306pt x 40.68019pt.
 [76

]
File: graphics/2014_impact_factor.png Graphic file (type png)

<use graphics/2014_impact_factor.png>
Package pdftex.def Info: graphics/2014_impact_factor.png used on input line 492
.
(pdftex.def)             Requested size: 80.20024pt x 80.19405pt.
File: graphics/TIB_Wort_Bildmarke_RGB.pdf Graphic file (type pdf)

<use graphics/TIB_Wort_Bildmarke_RGB.pdf>
Package pdftex.def Info: graphics/TIB_Wort_Bildmarke_RGB.pdf used on input line
 492.
(pdftex.def)             Requested size: 61.45306pt x 40.68019pt.
 [77

]
<graphics/dreifragezeichen.jpg, id=595, 1927.2pt x 1084.05pt>
File: graphics/dreifragezeichen.jpg Graphic file (type jpg)

<use graphics/dreifragezeichen.jpg>
Package pdftex.def Info: graphics/dreifragezeichen.jpg used on input line 516.
(pdftex.def)             Requested size: 80.20024pt x 45.10799pt.
File: graphics/TIB_Wort_Bildmarke_RGB.pdf Graphic file (type pdf)
 <use graphics/TIB_Wort_Bildmarke_RGB.pdf>
Package pdftex.def Info: graphics/TIB_Wort_Bildmarke_RGB.pdf used on input line
 516.
(pdftex.def)             Requested size: 61.45306pt x 40.68019pt.

[78

 <./graphics/dreifragezeichen.jpg>]
File: graphics/dreifragezeichen.jpg Graphic file (type jpg)
 <use graphics/dreifragezeichen.jpg>
Package pdftex.def Info: graphics/dreifragezeichen.jpg used on input line 516.
(pdftex.def)             Requested size: 80.20024pt x 45.10799pt.
File: graphics/TIB_Wort_Bildmarke_RGB.pdf Graphic file (type pdf)

<use graphics/TIB_Wort_Bildmarke_RGB.pdf>
Package pdftex.def Info: graphics/TIB_Wort_Bildmarke_RGB.pdf used on input line
 516.
(pdftex.def)             Requested size: 61.45306pt x 40.68019pt.
 [79

]
File: graphics/dreifragezeichen.jpg Graphic file (type jpg)

<use graphics/dreifragezeichen.jpg>
Package pdftex.def Info: graphics/dreifragezeichen.jpg used on input line 516.
(pdftex.def)             Requested size: 80.20024pt x 45.10799pt.
File: graphics/TIB_Wort_Bildmarke_RGB.pdf Graphic file (type pdf)
 <use graphics/TIB_Wort_Bildmarke_RGB.pdf>
Package pdftex.def Info: graphics/TIB_Wort_Bildmarke_RGB.pdf used on input line
 516.
(pdftex.def)             Requested size: 61.45306pt x 40.68019pt.

[80

]
File: graphics/dreifragezeichen.jpg Graphic file (type jpg)
 <use graphics/dreifragezeichen.jpg>
Package pdftex.def Info: graphics/dreifragezeichen.jpg used on input line 516.
(pdftex.def)             Requested size: 80.20024pt x 45.10799pt.
File: graphics/TIB_Wort_Bildmarke_RGB.pdf Graphic file (type pdf)

<use graphics/TIB_Wort_Bildmarke_RGB.pdf>
Package pdftex.def Info: graphics/TIB_Wort_Bildmarke_RGB.pdf used on input line
 516.
(pdftex.def)             Requested size: 61.45306pt x 40.68019pt.
 [81

]
File: graphics/dreifragezeichen.jpg Graphic file (type jpg)

<use graphics/dreifragezeichen.jpg>
Package pdftex.def Info: graphics/dreifragezeichen.jpg used on input line 516.
(pdftex.def)             Requested size: 80.20024pt x 45.10799pt.
File: graphics/TIB_Wort_Bildmarke_RGB.pdf Graphic file (type pdf)
 <use graphics/TIB_Wort_Bildmarke_RGB.pdf>
Package pdftex.def Info: graphics/TIB_Wort_Bildmarke_RGB.pdf used on input line
 516.
(pdftex.def)             Requested size: 61.45306pt x 40.68019pt.

[82

]
File: graphics/TIB_Wort_Bildmarke_RGB.pdf Graphic file (type pdf)
 <use graphics/TIB_Wort_Bildmarke_RGB.pdf>
Package pdftex.def Info: graphics/TIB_Wort_Bildmarke_RGB.pdf used on input line
 520.
(pdftex.def)             Requested size: 61.45306pt x 40.68019pt.
 [83

]
File: graphics/TIB_Wort_Bildmarke_RGB.pdf Graphic file (type pdf)

<use graphics/TIB_Wort_Bildmarke_RGB.pdf>
Package pdftex.def Info: graphics/TIB_Wort_Bildmarke_RGB.pdf used on input line
 538.
(pdftex.def)             Requested size: 61.45306pt x 40.68019pt.
 [84

]
File: graphics/TIB_Wort_Bildmarke_RGB.pdf Graphic file (type pdf)

<use graphics/TIB_Wort_Bildmarke_RGB.pdf>
Package pdftex.def Info: graphics/TIB_Wort_Bildmarke_RGB.pdf used on input line
 555.
(pdftex.def)             Requested size: 61.45306pt x 40.68019pt.
 [85

]
<graphics/fid.png, id=653, 1441.385pt x 818.05624pt>
File: graphics/fid.png Graphic file (type png)
 <use graphics/fid.png>
Package pdftex.def Info: graphics/fid.png used on input line 564.
(pdftex.def)             Requested size: 276.559pt x 156.95517pt.
File: graphics/TIB_Wort_Bildmarke_RGB.pdf Graphic file (type pdf)

<use graphics/TIB_Wort_Bildmarke_RGB.pdf>
Package pdftex.def Info: graphics/TIB_Wort_Bildmarke_RGB.pdf used on input line
 564.
(pdftex.def)             Requested size: 61.45306pt x 40.68019pt.
 [86

 <./graphics/fid.png>]
LaTeX Font Info:    Font shape `T1/phv/bx/it' in size <10.95> not available
(Font)              Font shape `T1/phv/b/it' tried instead on input line 582.
LaTeX Font Info:    Font shape `T1/phv/b/it' in size <10.95> not available
(Font)              Font shape `T1/phv/b/sl' tried instead on input line 582.
LaTeX Font Info:    Font shape `T1/phv/b/sl' will be
(Font)              scaled to size 10.40245pt on input line 582.
File: graphics/TIB_Wort_Bildmarke_RGB.pdf Graphic file (type pdf)

<use graphics/TIB_Wort_Bildmarke_RGB.pdf>
Package pdftex.def Info: graphics/TIB_Wort_Bildmarke_RGB.pdf used on input line
 582.
(pdftex.def)             Requested size: 61.45306pt x 40.68019pt.
 [87

]
LaTeX Font Info:    Font shape `T1/phv/bx/it' in size <12> not available
(Font)              Font shape `T1/phv/b/it' tried instead on input line 598.
LaTeX Font Info:    Font shape `T1/phv/b/it' in size <12> not available
(Font)              Font shape `T1/phv/b/sl' tried instead on input line 598.
LaTeX Font Info:    Font shape `T1/phv/b/sl' will be
(Font)              scaled to size 11.39996pt on input line 598.
File: graphics/TIB_Wort_Bildmarke_RGB.pdf Graphic file (type pdf)

<use graphics/TIB_Wort_Bildmarke_RGB.pdf>
Package pdftex.def Info: graphics/TIB_Wort_Bildmarke_RGB.pdf used on input line
 598.
(pdftex.def)             Requested size: 61.45306pt x 40.68019pt.
 [88

]
<graphics/fidlogo.png, id=678, 87.4467pt x 24.09pt>
File: graphics/fidlogo.png Graphic file (type png)
 <use graphics/fidlogo.png>
Package pdftex.def Info: graphics/fidlogo.png used on input line 620.
(pdftex.def)             Requested size: 80.20024pt x 22.09393pt.
File: graphics/TIB_Wort_Bildmarke_RGB.pdf Graphic file (type pdf)

<use graphics/TIB_Wort_Bildmarke_RGB.pdf>
Package pdftex.def Info: graphics/TIB_Wort_Bildmarke_RGB.pdf used on input line
 620.
(pdftex.def)             Requested size: 61.45306pt x 40.68019pt.
 [89

 <./graphics/fidlogo.png>]
File: graphics/TIB_Wort_Bildmarke_RGB.pdf Graphic file (type pdf)

<use graphics/TIB_Wort_Bildmarke_RGB.pdf>
Package pdftex.def Info: graphics/TIB_Wort_Bildmarke_RGB.pdf used on input line
 624.
(pdftex.def)             Requested size: 61.45306pt x 40.68019pt.
 [90

]
Underfull \hbox (badness 10000) in paragraph at lines 646--646

 []

<graphics/questions.png, id=695, 668.4975pt x 501.37312pt>
File: graphics/questions.png Graphic file (type png)

<use graphics/questions.png>
Package pdftex.def Info: graphics/questions.png used on input line 646.
(pdftex.def)             Requested size: 138.2795pt x 103.70784pt.
File: graphics/TIB_Wort_Bildmarke_RGB.pdf Graphic file (type pdf)
 <use graphics/TIB_Wort_Bildmarke_RGB.pdf>
Package pdftex.def Info: graphics/TIB_Wort_Bildmarke_RGB.pdf used on input line
 646.
(pdftex.def)             Requested size: 61.45306pt x 40.68019pt.
 [91

 <./graphics/questions.png>]
\tf@nav=\write6
\tf@toc=\write7
\tf@snm=\write8
Package atveryend Info: Empty hook `BeforeClearDocument' on input line 650.
Package atveryend Info: Empty hook `AfterLastShipout' on input line 650.
 (2016_FoBi_Fachrecherche_MatInf.aux)
Package atveryend Info: Executing hook `AtVeryEndDocument' on input line 650.
Package atveryend Info: Executing hook `AtEndAfterFileList' on input line 650.
Package rerunfilecheck Info: File `2016_FoBi_Fachrecherche_MatInf.out' has not 
changed.
(rerunfilecheck)             Checksum: AEE08C90D3D908E90DF40A4017B11AAA;281.
Package atveryend Info: Empty hook `AtVeryVeryEnd' on input line 650.
 ) 
Here is how much of TeX's memory you used:
 20841 strings out of 493671
 402518 string characters out of 3147062
 478294 words of memory out of 3000000
 23483 multiletter control sequences out of 15000+200000
 45336 words of font info for 58 fonts, out of 3000000 for 9000
 1025 hyphenation exceptions out of 8191
 62i,14n,61p,535b,791s stack positions out of 5000i,500n,10000p,200000b,50000s
{C:/Programme/MikTeX/fonts/enc/dvips/fontname/8r.enc}<C:/Programme/MikTeX/fon
ts/type1/urw/helvetic/uhvb8a.pfb><C:/Programme/MikTeX/fonts/type1/urw/helvetic/
uhvbo8a.pfb><C:/Programme/MikTeX/fonts/type1/urw/helvetic/uhvr8a.pfb><C:/Progra
mme/MikTeX/fonts/type1/urw/helvetic/uhvro8a.pfb>
Output written on 2016_FoBi_Fachrecherche_MatInf.pdf (91 pages, 4249417 bytes).

PDF statistics:
 763 PDF objects out of 1000 (max. 8388607)
 188 named destinations out of 1000 (max. 500000)
 218 words of extra memory for PDF output out of 10000 (max. 10000000)

